#
# There is insufficient memory for the Java Runtime Environment to continue.
# Native memory allocation (mmap) failed to map 362807296 bytes for G1 virtual space
# Possible reasons:
#   The system is out of physical RAM or swap space
#   The process is running with CompressedOops enabled, and the Java Heap may be blocking the growth of the native heap
# Possible solutions:
#   Reduce memory load on the system
#   Increase physical memory or swap space
#   Check if swap backing store is full
#   Decrease Java heap size (-Xmx/-Xms)
#   Decrease number of Java threads
#   Decrease Java thread stack sizes (-Xss)
#   Set larger code cache with -XX:ReservedCodeCacheSize=
#   JVM is running with Unscaled Compressed Oops mode in which the Java heap is
#     placed in the first 4GB address space. The Java Heap base address is the
#     maximum limit for the native heap growth. Please use -XX:HeapBaseMinAddress
#     to set the Java Heap base and to place the Java Heap above 4GB virtual address.
# This output file may be truncated or incomplete.
#
#  Out of Memory Error (os_windows.cpp:3600), pid=9692, tid=10716
#
# JRE version: OpenJDK Runtime Environment (21.0.2+13) (build 21.0.2+13-58)
# Java VM: OpenJDK 64-Bit Server VM (21.0.2+13-58, mixed mode, emulated-client, sharing, tiered, compressed oops, compressed class ptrs, g1 gc, windows-amd64)
# No core dump will be written. Minidumps are not enabled by default on client versions of Windows
#

---------------  S U M M A R Y ------------

Command Line: -agentlib:jdwp=transport=dt_socket,address=127.0.0.1:60304,suspend=y,server=n -XX:TieredStopAtLevel=1 -Dspring.output.ansi.enabled=always -Dcom.sun.management.jmxremote -Dspring.jmx.enabled=true -Dspring.liveBeansView.mbeanDomain -Dspring.application.admin.enabled=true -Dmanagement.endpoints.jmx.exposure.include=* -javaagent:C:\Users\loren\AppData\Local\JetBrains\IntelliJIdea2024.1\captureAgent\debugger-agent.jar=file:/C:/Users/loren/AppData/Local/Temp/capture.props -Dfile.encoding=UTF-8 -Dsun.stdout.encoding=UTF-8 -Dsun.stderr.encoding=UTF-8 it.unina.dietiestates25.DietiEstates25BackendApplication

Host: Intel(R) Core(TM) i5-1035G1 CPU @ 1.00GHz, 8 cores, 7G,  Windows 11 , 64 bit Build 26100 (10.0.26100.3037)
Time: Fri Feb 28 15:34:19 2025 ora solare Europa occidentale elapsed time: 1145.080890 seconds (0d 0h 19m 5s)

---------------  T H R E A D  ---------------

Current thread (0x00000181408d6580):  VMThread "VM Thread"          [id=10716, stack(0x000000558ef00000,0x000000558f000000) (1024K)]

Stack: [0x000000558ef00000,0x000000558f000000]
Native frames: (J=compiled Java code, j=interpreted, Vv=VM code, C=native code)
V  [jvm.dll+0x6cade9]
V  [jvm.dll+0x8569c1]
V  [jvm.dll+0x858d2e]
V  [jvm.dll+0x859413]
V  [jvm.dll+0x280e56]
V  [jvm.dll+0x6c74d5]
V  [jvm.dll+0x6bbeca]
V  [jvm.dll+0x355bca]
V  [jvm.dll+0x35d816]
V  [jvm.dll+0x3ae67e]
V  [jvm.dll+0x3ae928]
V  [jvm.dll+0x3295dc]
V  [jvm.dll+0x329667]
V  [jvm.dll+0x36df1c]
V  [jvm.dll+0x36c71d]
V  [jvm.dll+0x328d51]
V  [jvm.dll+0x36be2a]
V  [jvm.dll+0x85ef18]
V  [jvm.dll+0x860014]
V  [jvm.dll+0x860550]
V  [jvm.dll+0x8607f3]
V  [jvm.dll+0x7ff568]
V  [jvm.dll+0x6c953d]
C  [ucrtbase.dll+0x37b0]
C  [KERNEL32.DLL+0x2e8d7]
C  [ntdll.dll+0xbbf2c]

VM_Operation (0x000000558f8fc7e0): G1CollectForAllocation, mode: safepoint, requested by thread 0x000001818f0be5e0


---------------  P R O C E S S  ---------------

Threads class SMR info:
_java_thread_list=0x0000018189f619d0, length=28, elements={
0x00000181408f8b30, 0x00000181408fa6a0, 0x00000181408fd830, 0x00000181408fe5f0,
0x0000018140901060, 0x0000018140901bf0, 0x0000018140904660, 0x000001814092e500,
0x0000018140bf7bc0, 0x0000018140bfae80, 0x0000018140bfb500, 0x00000181866825e0,
0x0000018186c4ebd0, 0x000001818a69e4c0, 0x000001818a69f870, 0x000001818674fb40,
0x000001818674f4b0, 0x0000018186752930, 0x00000181867501d0, 0x000001818f0bb160,
0x000001818f0b8370, 0x000001818f0be5e0, 0x0000018186fe3d60, 0x000001818f0b9090,
0x000001818f0b9720, 0x000001818f0bbe80, 0x000001818f0bc510, 0x000001818f0bd230
}

Java Threads: ( => current thread )
  0x00000181408f8b30 JavaThread "Reference Handler"          daemon [_thread_blocked, id=22936, stack(0x000000558f000000,0x000000558f100000) (1024K)]
  0x00000181408fa6a0 JavaThread "Finalizer"                  daemon [_thread_blocked, id=22840, stack(0x000000558f100000,0x000000558f200000) (1024K)]
  0x00000181408fd830 JavaThread "Signal Dispatcher"          daemon [_thread_blocked, id=18096, stack(0x000000558f200000,0x000000558f300000) (1024K)]
  0x00000181408fe5f0 JavaThread "Attach Listener"            daemon [_thread_blocked, id=11944, stack(0x000000558f300000,0x000000558f400000) (1024K)]
  0x0000018140901060 JavaThread "Service Thread"             daemon [_thread_blocked, id=4232, stack(0x000000558f400000,0x000000558f500000) (1024K)]
  0x0000018140901bf0 JavaThread "Monitor Deflation Thread"   daemon [_thread_blocked, id=20488, stack(0x000000558f500000,0x000000558f600000) (1024K)]
  0x0000018140904660 JavaThread "C1 CompilerThread0"         daemon [_thread_blocked, id=21392, stack(0x000000558f600000,0x000000558f700000) (1024K)]
  0x000001814092e500 JavaThread "Common-Cleaner"             daemon [_thread_blocked, id=19020, stack(0x000000558f700000,0x000000558f800000) (1024K)]
  0x0000018140bf7bc0 JavaThread "JDWP Transport Listener: dt_socket" daemon [_thread_blocked, id=12848, stack(0x000000558f900000,0x000000558fa00000) (1024K)]
  0x0000018140bfae80 JavaThread "JDWP Event Helper Thread"   daemon [_thread_blocked, id=22048, stack(0x000000558fa00000,0x000000558fb00000) (1024K)]
  0x0000018140bfb500 JavaThread "JDWP Command Reader"        daemon [_thread_in_native, id=12324, stack(0x000000558fb00000,0x000000558fc00000) (1024K)]
  0x00000181866825e0 JavaThread "Notification Thread"        daemon [_thread_blocked, id=2656, stack(0x000000558fe00000,0x000000558ff00000) (1024K)]
  0x0000018186c4ebd0 JavaThread "RMI TCP Accept-0"           daemon [_thread_in_native, id=17036, stack(0x0000005590600000,0x0000005590700000) (1024K)]
  0x000001818a69e4c0 JavaThread "Live Reload Server"         daemon [_thread_in_native, id=22964, stack(0x0000005591300000,0x0000005591400000) (1024K)]
  0x000001818a69f870 JavaThread "Jndi-Dns-address-change-listener" daemon [_thread_in_native, id=10664, stack(0x0000005591b00000,0x0000005591c00000) (1024K)]
  0x000001818674fb40 JavaThread "DestroyJavaVM"                     [_thread_blocked, id=3068, stack(0x000000558e800000,0x000000558e900000) (1024K)]
  0x000001818674f4b0 JavaThread "parallel-1"                 daemon [_thread_blocked, id=21600, stack(0x0000005590700000,0x0000005590800000) (1024K)]
  0x0000018186752930 JavaThread "File Watcher"               daemon [_thread_blocked, id=12872, stack(0x000000558e600000,0x000000558e700000) (1024K)]
  0x00000181867501d0 JavaThread "File Watcher"               daemon [_thread_blocked, id=15640, stack(0x000000558e500000,0x000000558e600000) (1024K)]
  0x000001818f0bb160 JavaThread "Thread-15"                         [_thread_blocked, id=2924, stack(0x000000558e700000,0x000000558e800000) (1024K)]
  0x000001818f0b8370 JavaThread "parallel-2"                 daemon [_thread_blocked, id=22248, stack(0x000000558fc00000,0x000000558fd00000) (1024K)]
  0x000001818f0be5e0 JavaThread "restartedMain"                     [_thread_blocked, id=23000, stack(0x000000558f800000,0x000000558f900000) (1024K)]
  0x0000018186fe3d60 JavaThread "C1 CompilerThread1"         daemon [_thread_blocked, id=4352, stack(0x000000558fd00000,0x000000558fe00000) (1024K)]
  0x000001818f0b9090 JavaThread "PostgreSQL-JDBC-Cleaner"    daemon [_thread_blocked, id=6560, stack(0x0000005590c00000,0x0000005590d00000) (1024K)]
  0x000001818f0b9720 JavaThread "HikariPool-3 housekeeper"   daemon [_thread_blocked, id=14036, stack(0x0000005590d00000,0x0000005590e00000) (1024K)]
  0x000001818f0bbe80 JavaThread "Catalina-utility-1"                [_thread_blocked, id=19920, stack(0x0000005590900000,0x0000005590a00000) (1024K)]
  0x000001818f0bc510 JavaThread "Catalina-utility-2"                [_thread_blocked, id=13508, stack(0x0000005590e00000,0x0000005590f00000) (1024K)]
  0x000001818f0bd230 JavaThread "container-1"                       [_thread_blocked, id=4808, stack(0x0000005590f00000,0x0000005591000000) (1024K)]
Total: 28

Other Threads:
=>0x00000181408d6580 VMThread "VM Thread"                           [id=10716, stack(0x000000558ef00000,0x000000558f000000) (1024K)]
  0x00000181408c4c10 WatcherThread "VM Periodic Task Thread"        [id=9424, stack(0x000000558ee00000,0x000000558ef00000) (1024K)]
  0x0000018130222360 WorkerThread "GC Thread#0"                     [id=20788, stack(0x000000558e900000,0x000000558ea00000) (1024K)]
  0x0000018186787670 WorkerThread "GC Thread#1"                     [id=22256, stack(0x000000558ff00000,0x0000005590000000) (1024K)]
  0x0000018186789a20 WorkerThread "GC Thread#2"                     [id=22376, stack(0x0000005590000000,0x0000005590100000) (1024K)]
  0x00000181867a60a0 WorkerThread "GC Thread#3"                     [id=21104, stack(0x0000005590100000,0x0000005590200000) (1024K)]
  0x00000181867a7460 WorkerThread "GC Thread#4"                     [id=22116, stack(0x0000005590200000,0x0000005590300000) (1024K)]
  0x00000181867a7c10 WorkerThread "GC Thread#5"                     [id=18844, stack(0x0000005590300000,0x0000005590400000) (1024K)]
  0x00000181867a7fb0 WorkerThread "GC Thread#6"                     [id=8024, stack(0x0000005590400000,0x0000005590500000) (1024K)]
  0x00000181867a8350 WorkerThread "GC Thread#7"                     [id=12852, stack(0x0000005590500000,0x0000005590600000) (1024K)]
  0x0000018130234410 ConcurrentGCThread "G1 Main Marker"            [id=1732, stack(0x000000558ea00000,0x000000558eb00000) (1024K)]
  0x0000018130237190 WorkerThread "G1 Conc#0"                       [id=9208, stack(0x000000558eb00000,0x000000558ec00000) (1024K)]
  0x00000181871aba80 WorkerThread "G1 Conc#1"                       [id=2876, stack(0x0000005590a00000,0x0000005590b00000) (1024K)]
  0x000001814078d9a0 ConcurrentGCThread "G1 Refine#0"               [id=21056, stack(0x000000558ec00000,0x000000558ed00000) (1024K)]
  0x000001814078e1c0 ConcurrentGCThread "G1 Service"                [id=9932, stack(0x000000558ed00000,0x000000558ee00000) (1024K)]
Total: 15

Threads with active compile tasks:
Total: 0

VM state: at safepoint (normal execution)

VM Mutex/Monitor currently owned by a thread:  ([mutex/lock_event])
[0x00007ffa68ddcd68] Threads_lock - owner thread: 0x00000181408d6580
[0x00007ffa68ddce68] Heap_lock - owner thread: 0x000001818f0be5e0

Heap address: 0x0000000083e00000, size: 1986 MB, Compressed Oops mode: 32-bit

CDS archive(s) mapped at: [0x0000018141000000-0x0000018141c90000-0x0000018141c90000), size 13172736, SharedBaseAddress: 0x0000018141000000, ArchiveRelocationMode: 1.
Compressed class space mapped at: 0x0000018142000000-0x0000018182000000, reserved size: 1073741824
Narrow klass base: 0x0000018141000000, Narrow klass shift: 0, Narrow klass range: 0x100000000

GC Precious Log:
 CardTable entry size: 512
 Card Set container configuration: InlinePtr #cards 5 size 8 Array Of Cards #cards 12 size 40 Howl #buckets 4 coarsen threshold 1843 Howl Bitmap #cards 512 size 80 coarsen threshold 460 Card regions per heap region 1 cards per card region 2048
 CPUs: 8 total, 8 available
 Memory: 7936M
 Large Page Support: Disabled
 NUMA Support: Disabled
 Compressed Oops: Enabled (32-bit)
 Heap Region Size: 1M
 Heap Min Capacity: 8M
 Heap Initial Capacity: 126M
 Heap Max Capacity: 1986M
 Pre-touch: Disabled
 Parallel Workers: 8
 Concurrent Workers: 2
 Concurrent Refinement Workers: 8
 Periodic GC: Disabled

Heap:
 garbage-first heap   total 208896K, used 64289K [0x0000000083e00000, 0x0000000100000000)
  region size 1024K, 1 young (1024K), 1 survivors (1024K)
 Metaspace       used 106013K, committed 107008K, reserved 1179648K
  class space    used 15179K, committed 15616K, reserved 1048576K

Heap Regions: E=young(eden), S=young(survivor), O=old, HS=humongous(starts), HC=humongous(continues), CS=collection set, F=free, TAMS=top-at-mark-start, PB=parsable bottom
|   0|0x0000000083e00000, 0x0000000083f00000, 0x0000000083f00000|100%|HS|  |TAMS 0x0000000083e00000| PB 0x0000000083e00000| Complete 
|   1|0x0000000083f00000, 0x0000000084000000, 0x0000000084000000|100%| O|  |TAMS 0x0000000083f00000| PB 0x0000000083f00000| Untracked 
|   2|0x0000000084000000, 0x0000000084100000, 0x0000000084100000|100%| O|  |TAMS 0x0000000084000000| PB 0x0000000084000000| Untracked 
|   3|0x0000000084100000, 0x00000000841ffff8, 0x0000000084200000| 99%| O|  |TAMS 0x0000000084100000| PB 0x0000000084100000| Untracked 
|   4|0x0000000084200000, 0x0000000084300000, 0x0000000084300000|100%| O|  |TAMS 0x0000000084200000| PB 0x0000000084200000| Untracked 
|   5|0x0000000084300000, 0x0000000084400000, 0x0000000084400000|100%| O|  |TAMS 0x0000000084300000| PB 0x0000000084300000| Untracked 
|   6|0x0000000084400000, 0x00000000844ffff0, 0x0000000084500000| 99%| O|  |TAMS 0x0000000084400000| PB 0x0000000084400000| Untracked 
|   7|0x0000000084500000, 0x0000000084600000, 0x0000000084600000|100%| O|  |TAMS 0x0000000084500000| PB 0x0000000084500000| Untracked 
|   8|0x0000000084600000, 0x0000000084700000, 0x0000000084700000|100%| O|  |TAMS 0x0000000084600000| PB 0x0000000084600000| Untracked 
|   9|0x0000000084700000, 0x00000000847fffc0, 0x0000000084800000| 99%| O|  |TAMS 0x0000000084700000| PB 0x0000000084700000| Untracked 
|  10|0x0000000084800000, 0x0000000084900000, 0x0000000084900000|100%| O|  |TAMS 0x0000000084800000| PB 0x0000000084800000| Untracked 
|  11|0x0000000084900000, 0x00000000849ffff8, 0x0000000084a00000| 99%| O|  |TAMS 0x0000000084900000| PB 0x0000000084900000| Untracked 
|  12|0x0000000084a00000, 0x0000000084affff8, 0x0000000084b00000| 99%| O|  |TAMS 0x0000000084a00000| PB 0x0000000084a00000| Untracked 
|  13|0x0000000084b00000, 0x0000000084bfc3d8, 0x0000000084c00000| 98%| O|  |TAMS 0x0000000084b00000| PB 0x0000000084b00000| Untracked 
|  14|0x0000000084c00000, 0x0000000084cffff8, 0x0000000084d00000| 99%| O|  |TAMS 0x0000000084c00000| PB 0x0000000084c00000| Untracked 
|  15|0x0000000084d00000, 0x0000000084dffff0, 0x0000000084e00000| 99%| O|  |TAMS 0x0000000084d00000| PB 0x0000000084d00000| Untracked 
|  16|0x0000000084e00000, 0x0000000084efffc0, 0x0000000084f00000| 99%| O|  |TAMS 0x0000000084e00000| PB 0x0000000084e00000| Untracked 
|  17|0x0000000084f00000, 0x0000000084fffff0, 0x0000000085000000| 99%| O|  |TAMS 0x0000000084f00000| PB 0x0000000084f00000| Untracked 
|  18|0x0000000085000000, 0x00000000850fffb8, 0x0000000085100000| 99%| O|  |TAMS 0x0000000085000000| PB 0x0000000085000000| Untracked 
|  19|0x0000000085100000, 0x0000000085200000, 0x0000000085200000|100%| O|  |TAMS 0x0000000085100000| PB 0x0000000085100000| Untracked 
|  20|0x0000000085200000, 0x00000000852ffff8, 0x0000000085300000| 99%| O|  |TAMS 0x0000000085200000| PB 0x0000000085200000| Untracked 
|  21|0x0000000085300000, 0x00000000853ffff0, 0x0000000085400000| 99%| O|  |TAMS 0x0000000085300000| PB 0x0000000085300000| Untracked 
|  22|0x0000000085400000, 0x00000000854fffd8, 0x0000000085500000| 99%| O|  |TAMS 0x0000000085400000| PB 0x0000000085400000| Untracked 
|  23|0x0000000085500000, 0x00000000855ffff0, 0x0000000085600000| 99%| O|  |TAMS 0x0000000085500000| PB 0x0000000085500000| Untracked 
|  24|0x0000000085600000, 0x00000000856fffe8, 0x0000000085700000| 99%| O|  |TAMS 0x0000000085600000| PB 0x0000000085600000| Untracked 
|  25|0x0000000085700000, 0x0000000085800000, 0x0000000085800000|100%| O|  |TAMS 0x0000000085700000| PB 0x0000000085700000| Untracked 
|  26|0x0000000085800000, 0x00000000858ffb78, 0x0000000085900000| 99%| O|  |TAMS 0x0000000085800000| PB 0x0000000085800000| Untracked 
|  27|0x0000000085900000, 0x00000000859fffd0, 0x0000000085a00000| 99%| O|  |TAMS 0x0000000085900000| PB 0x0000000085900000| Untracked 
|  28|0x0000000085a00000, 0x0000000085b00000, 0x0000000085b00000|100%| O|  |TAMS 0x0000000085a00000| PB 0x0000000085a00000| Untracked 
|  29|0x0000000085b00000, 0x0000000085bfffc0, 0x0000000085c00000| 99%| O|  |TAMS 0x0000000085b00000| PB 0x0000000085b00000| Untracked 
|  30|0x0000000085c00000, 0x0000000085cffff8, 0x0000000085d00000| 99%| O|  |TAMS 0x0000000085c00000| PB 0x0000000085c00000| Untracked 
|  31|0x0000000085d00000, 0x0000000085dffee0, 0x0000000085e00000| 99%| O|  |TAMS 0x0000000085d00000| PB 0x0000000085d00000| Untracked 
|  32|0x0000000085e00000, 0x0000000085efffd8, 0x0000000085f00000| 99%| O|  |TAMS 0x0000000085e00000| PB 0x0000000085e00000| Untracked 
|  33|0x0000000085f00000, 0x0000000085fffff8, 0x0000000086000000| 99%| O|  |TAMS 0x0000000085f00000| PB 0x0000000085f00000| Untracked 
|  34|0x0000000086000000, 0x0000000086100000, 0x0000000086100000|100%| O|  |TAMS 0x0000000086000000| PB 0x0000000086000000| Untracked 
|  35|0x0000000086100000, 0x00000000861ffff8, 0x0000000086200000| 99%| O|  |TAMS 0x0000000086100000| PB 0x0000000086100000| Untracked 
|  36|0x0000000086200000, 0x00000000862fff98, 0x0000000086300000| 99%| O|  |TAMS 0x0000000086200000| PB 0x0000000086200000| Untracked 
|  37|0x0000000086300000, 0x00000000863beaa8, 0x0000000086400000| 74%| O|  |TAMS 0x0000000086300000| PB 0x0000000086300000| Untracked 
|  38|0x0000000086400000, 0x00000000864ffff8, 0x0000000086500000| 99%| O|  |TAMS 0x0000000086400000| PB 0x0000000086400000| Untracked 
|  39|0x0000000086500000, 0x000000008659e528, 0x0000000086600000| 61%| O|  |TAMS 0x0000000086500000| PB 0x0000000086500000| Untracked 
|  40|0x0000000086600000, 0x0000000086600000, 0x0000000086700000|  0%| F|  |TAMS 0x0000000086600000| PB 0x0000000086600000| Untracked 
|  41|0x0000000086700000, 0x00000000867a1ef0, 0x0000000086800000| 63%| O|Cm|TAMS 0x0000000086700000| PB 0x0000000086700000| Complete 
|  42|0x0000000086800000, 0x00000000868ffff0, 0x0000000086900000| 99%| O|  |TAMS 0x0000000086800000| PB 0x0000000086800000| Untracked 
|  43|0x0000000086900000, 0x0000000086a00000, 0x0000000086a00000|100%| O|  |TAMS 0x0000000086900000| PB 0x0000000086900000| Untracked 
|  44|0x0000000086a00000, 0x0000000086b00000, 0x0000000086b00000|100%| O|  |TAMS 0x0000000086a00000| PB 0x0000000086a00000| Untracked 
|  45|0x0000000086b00000, 0x0000000086c00000, 0x0000000086c00000|100%| O|  |TAMS 0x0000000086b00000| PB 0x0000000086b00000| Untracked 
|  46|0x0000000086c00000, 0x0000000086d00000, 0x0000000086d00000|100%| O|  |TAMS 0x0000000086c00000| PB 0x0000000086c00000| Untracked 
|  47|0x0000000086d00000, 0x0000000086e00000, 0x0000000086e00000|100%| O|  |TAMS 0x0000000086d00000| PB 0x0000000086d00000| Untracked 
|  48|0x0000000086e00000, 0x0000000086f00000, 0x0000000086f00000|100%| O|  |TAMS 0x0000000086e00000| PB 0x0000000086e00000| Untracked 
|  49|0x0000000086f00000, 0x0000000087000000, 0x0000000087000000|100%| O|  |TAMS 0x0000000086f00000| PB 0x0000000086f00000| Untracked 
|  50|0x0000000087000000, 0x0000000087100000, 0x0000000087100000|100%| O|  |TAMS 0x0000000087000000| PB 0x0000000087000000| Untracked 
|  51|0x0000000087100000, 0x0000000087200000, 0x0000000087200000|100%| O|  |TAMS 0x0000000087100000| PB 0x0000000087100000| Untracked 
|  52|0x0000000087200000, 0x0000000087300000, 0x0000000087300000|100%| O|  |TAMS 0x0000000087200000| PB 0x0000000087200000| Untracked 
|  53|0x0000000087300000, 0x0000000087400000, 0x0000000087400000|100%| O|  |TAMS 0x0000000087300000| PB 0x0000000087300000| Untracked 
|  54|0x0000000087400000, 0x0000000087500000, 0x0000000087500000|100%| O|  |TAMS 0x0000000087400000| PB 0x0000000087400000| Untracked 
|  55|0x0000000087500000, 0x0000000087600000, 0x0000000087600000|100%| O|  |TAMS 0x0000000087500000| PB 0x0000000087500000| Untracked 
|  56|0x0000000087600000, 0x0000000087700000, 0x0000000087700000|100%| O|  |TAMS 0x0000000087600000| PB 0x0000000087600000| Untracked 
|  57|0x0000000087700000, 0x00000000877e1b10, 0x0000000087800000| 88%| O|  |TAMS 0x0000000087700000| PB 0x0000000087700000| Untracked 
|  58|0x0000000087800000, 0x0000000087900000, 0x0000000087900000|100%| O|  |TAMS 0x0000000087800000| PB 0x0000000087800000| Untracked 
|  59|0x0000000087900000, 0x0000000087a00000, 0x0000000087a00000|100%| O|  |TAMS 0x0000000087900000| PB 0x0000000087900000| Untracked 
|  60|0x0000000087a00000, 0x0000000087b00000, 0x0000000087b00000|100%| O|  |TAMS 0x0000000087a00000| PB 0x0000000087a00000| Untracked 
|  61|0x0000000087b00000, 0x0000000087c00000, 0x0000000087c00000|100%| O|  |TAMS 0x0000000087b00000| PB 0x0000000087b00000| Untracked 
|  62|0x0000000087c00000, 0x0000000087d00000, 0x0000000087d00000|100%| O|  |TAMS 0x0000000087c00000| PB 0x0000000087c00000| Untracked 
|  63|0x0000000087d00000, 0x0000000087e00000, 0x0000000087e00000|100%| O|  |TAMS 0x0000000087d00000| PB 0x0000000087d00000| Untracked 
|  64|0x0000000087e00000, 0x0000000087e2af00, 0x0000000087f00000| 16%| O|  |TAMS 0x0000000087e00000| PB 0x0000000087e00000| Untracked 
|  65|0x0000000087f00000, 0x0000000087f00000, 0x0000000088000000|  0%| F|  |TAMS 0x0000000087f00000| PB 0x0000000087f00000| Untracked 
|  66|0x0000000088000000, 0x0000000088000000, 0x0000000088100000|  0%| F|  |TAMS 0x0000000088000000| PB 0x0000000088000000| Untracked 
|  67|0x0000000088100000, 0x0000000088100000, 0x0000000088200000|  0%| F|  |TAMS 0x0000000088100000| PB 0x0000000088100000| Untracked 
|  68|0x0000000088200000, 0x0000000088200000, 0x0000000088300000|  0%| F|  |TAMS 0x0000000088200000| PB 0x0000000088200000| Untracked 
|  69|0x0000000088300000, 0x0000000088300000, 0x0000000088400000|  0%| F|  |TAMS 0x0000000088300000| PB 0x0000000088300000| Untracked 
|  70|0x0000000088400000, 0x0000000088400000, 0x0000000088500000|  0%| F|  |TAMS 0x0000000088400000| PB 0x0000000088400000| Untracked 
|  71|0x0000000088500000, 0x0000000088500000, 0x0000000088600000|  0%| F|  |TAMS 0x0000000088500000| PB 0x0000000088500000| Untracked 
|  72|0x0000000088600000, 0x0000000088600000, 0x0000000088700000|  0%| F|  |TAMS 0x0000000088600000| PB 0x0000000088600000| Untracked 
|  73|0x0000000088700000, 0x0000000088700000, 0x0000000088800000|  0%| F|  |TAMS 0x0000000088700000| PB 0x0000000088700000| Untracked 
|  74|0x0000000088800000, 0x0000000088800000, 0x0000000088900000|  0%| F|  |TAMS 0x0000000088800000| PB 0x0000000088800000| Untracked 
|  75|0x0000000088900000, 0x0000000088900000, 0x0000000088a00000|  0%| F|  |TAMS 0x0000000088900000| PB 0x0000000088900000| Untracked 
|  76|0x0000000088a00000, 0x0000000088a00000, 0x0000000088b00000|  0%| F|  |TAMS 0x0000000088a00000| PB 0x0000000088a00000| Untracked 
|  77|0x0000000088b00000, 0x0000000088b00000, 0x0000000088c00000|  0%| F|  |TAMS 0x0000000088b00000| PB 0x0000000088b00000| Untracked 
|  78|0x0000000088c00000, 0x0000000088c00000, 0x0000000088d00000|  0%| F|  |TAMS 0x0000000088c00000| PB 0x0000000088c00000| Untracked 
|  79|0x0000000088d00000, 0x0000000088d00000, 0x0000000088e00000|  0%| F|  |TAMS 0x0000000088d00000| PB 0x0000000088d00000| Untracked 
|  80|0x0000000088e00000, 0x0000000088e00000, 0x0000000088f00000|  0%| F|  |TAMS 0x0000000088e00000| PB 0x0000000088e00000| Untracked 
|  81|0x0000000088f00000, 0x0000000088f00000, 0x0000000089000000|  0%| F|  |TAMS 0x0000000088f00000| PB 0x0000000088f00000| Untracked 
|  82|0x0000000089000000, 0x0000000089000000, 0x0000000089100000|  0%| F|  |TAMS 0x0000000089000000| PB 0x0000000089000000| Untracked 
|  83|0x0000000089100000, 0x0000000089100000, 0x0000000089200000|  0%| F|  |TAMS 0x0000000089100000| PB 0x0000000089100000| Untracked 
|  84|0x0000000089200000, 0x0000000089200000, 0x0000000089300000|  0%| F|  |TAMS 0x0000000089200000| PB 0x0000000089200000| Untracked 
|  85|0x0000000089300000, 0x0000000089300000, 0x0000000089400000|  0%| F|  |TAMS 0x0000000089300000| PB 0x0000000089300000| Untracked 
|  86|0x0000000089400000, 0x0000000089400000, 0x0000000089500000|  0%| F|  |TAMS 0x0000000089400000| PB 0x0000000089400000| Untracked 
|  87|0x0000000089500000, 0x0000000089500000, 0x0000000089600000|  0%| F|  |TAMS 0x0000000089500000| PB 0x0000000089500000| Untracked 
|  88|0x0000000089600000, 0x0000000089600000, 0x0000000089700000|  0%| F|  |TAMS 0x0000000089600000| PB 0x0000000089600000| Untracked 
|  89|0x0000000089700000, 0x0000000089700000, 0x0000000089800000|  0%| F|  |TAMS 0x0000000089700000| PB 0x0000000089700000| Untracked 
|  90|0x0000000089800000, 0x0000000089800000, 0x0000000089900000|  0%| F|  |TAMS 0x0000000089800000| PB 0x0000000089800000| Untracked 
|  91|0x0000000089900000, 0x0000000089900000, 0x0000000089a00000|  0%| F|  |TAMS 0x0000000089900000| PB 0x0000000089900000| Untracked 
|  92|0x0000000089a00000, 0x0000000089a00000, 0x0000000089b00000|  0%| F|  |TAMS 0x0000000089a00000| PB 0x0000000089a00000| Untracked 
|  93|0x0000000089b00000, 0x0000000089b00000, 0x0000000089c00000|  0%| F|  |TAMS 0x0000000089b00000| PB 0x0000000089b00000| Untracked 
|  94|0x0000000089c00000, 0x0000000089c00000, 0x0000000089d00000|  0%| F|  |TAMS 0x0000000089c00000| PB 0x0000000089c00000| Untracked 
|  95|0x0000000089d00000, 0x0000000089d00000, 0x0000000089e00000|  0%| F|  |TAMS 0x0000000089d00000| PB 0x0000000089d00000| Untracked 
|  96|0x0000000089e00000, 0x0000000089e00000, 0x0000000089f00000|  0%| F|  |TAMS 0x0000000089e00000| PB 0x0000000089e00000| Untracked 
|  97|0x0000000089f00000, 0x0000000089f00000, 0x000000008a000000|  0%| F|  |TAMS 0x0000000089f00000| PB 0x0000000089f00000| Untracked 
|  98|0x000000008a000000, 0x000000008a000000, 0x000000008a100000|  0%| F|  |TAMS 0x000000008a000000| PB 0x000000008a000000| Untracked 
|  99|0x000000008a100000, 0x000000008a100000, 0x000000008a200000|  0%| F|  |TAMS 0x000000008a100000| PB 0x000000008a100000| Untracked 
| 100|0x000000008a200000, 0x000000008a200000, 0x000000008a300000|  0%| F|  |TAMS 0x000000008a200000| PB 0x000000008a200000| Untracked 
| 101|0x000000008a300000, 0x000000008a300000, 0x000000008a400000|  0%| F|  |TAMS 0x000000008a300000| PB 0x000000008a300000| Untracked 
| 102|0x000000008a400000, 0x000000008a400000, 0x000000008a500000|  0%| F|  |TAMS 0x000000008a400000| PB 0x000000008a400000| Untracked 
| 103|0x000000008a500000, 0x000000008a500000, 0x000000008a600000|  0%| F|  |TAMS 0x000000008a500000| PB 0x000000008a500000| Untracked 
| 104|0x000000008a600000, 0x000000008a600000, 0x000000008a700000|  0%| F|  |TAMS 0x000000008a600000| PB 0x000000008a600000| Untracked 
| 105|0x000000008a700000, 0x000000008a700000, 0x000000008a800000|  0%| F|  |TAMS 0x000000008a700000| PB 0x000000008a700000| Untracked 
| 106|0x000000008a800000, 0x000000008a800000, 0x000000008a900000|  0%| F|  |TAMS 0x000000008a800000| PB 0x000000008a800000| Untracked 
| 107|0x000000008a900000, 0x000000008a900000, 0x000000008aa00000|  0%| F|  |TAMS 0x000000008a900000| PB 0x000000008a900000| Untracked 
| 108|0x000000008aa00000, 0x000000008aa00000, 0x000000008ab00000|  0%| F|  |TAMS 0x000000008aa00000| PB 0x000000008aa00000| Untracked 
| 109|0x000000008ab00000, 0x000000008ab00000, 0x000000008ac00000|  0%| F|  |TAMS 0x000000008ab00000| PB 0x000000008ab00000| Untracked 
| 110|0x000000008ac00000, 0x000000008ac00000, 0x000000008ad00000|  0%| F|  |TAMS 0x000000008ac00000| PB 0x000000008ac00000| Untracked 
| 111|0x000000008ad00000, 0x000000008ad00000, 0x000000008ae00000|  0%| F|  |TAMS 0x000000008ad00000| PB 0x000000008ad00000| Untracked 
| 112|0x000000008ae00000, 0x000000008ae00000, 0x000000008af00000|  0%| F|  |TAMS 0x000000008ae00000| PB 0x000000008ae00000| Untracked 
| 113|0x000000008af00000, 0x000000008af00000, 0x000000008b000000|  0%| F|  |TAMS 0x000000008af00000| PB 0x000000008af00000| Untracked 
| 114|0x000000008b000000, 0x000000008b000000, 0x000000008b100000|  0%| F|  |TAMS 0x000000008b000000| PB 0x000000008b000000| Untracked 
| 115|0x000000008b100000, 0x000000008b100000, 0x000000008b200000|  0%| F|  |TAMS 0x000000008b100000| PB 0x000000008b100000| Untracked 
| 116|0x000000008b200000, 0x000000008b200000, 0x000000008b300000|  0%| F|  |TAMS 0x000000008b200000| PB 0x000000008b200000| Untracked 
| 117|0x000000008b300000, 0x000000008b300000, 0x000000008b400000|  0%| F|  |TAMS 0x000000008b300000| PB 0x000000008b300000| Untracked 
| 118|0x000000008b400000, 0x000000008b400000, 0x000000008b500000|  0%| F|  |TAMS 0x000000008b400000| PB 0x000000008b400000| Untracked 
| 119|0x000000008b500000, 0x000000008b500000, 0x000000008b600000|  0%| F|  |TAMS 0x000000008b500000| PB 0x000000008b500000| Untracked 
| 120|0x000000008b600000, 0x000000008b600000, 0x000000008b700000|  0%| F|  |TAMS 0x000000008b600000| PB 0x000000008b600000| Untracked 
| 121|0x000000008b700000, 0x000000008b700000, 0x000000008b800000|  0%| F|  |TAMS 0x000000008b700000| PB 0x000000008b700000| Untracked 
| 122|0x000000008b800000, 0x000000008b800000, 0x000000008b900000|  0%| F|  |TAMS 0x000000008b800000| PB 0x000000008b800000| Untracked 
| 123|0x000000008b900000, 0x000000008b900000, 0x000000008ba00000|  0%| F|  |TAMS 0x000000008b900000| PB 0x000000008b900000| Untracked 
| 124|0x000000008ba00000, 0x000000008ba00000, 0x000000008bb00000|  0%| F|  |TAMS 0x000000008ba00000| PB 0x000000008ba00000| Untracked 
| 125|0x000000008bb00000, 0x000000008bb00000, 0x000000008bc00000|  0%| F|  |TAMS 0x000000008bb00000| PB 0x000000008bb00000| Untracked 
| 126|0x000000008bc00000, 0x000000008bc00000, 0x000000008bd00000|  0%| F|  |TAMS 0x000000008bc00000| PB 0x000000008bc00000| Untracked 
| 127|0x000000008bd00000, 0x000000008bd00000, 0x000000008be00000|  0%| F|  |TAMS 0x000000008bd00000| PB 0x000000008bd00000| Untracked 
| 128|0x000000008be00000, 0x000000008be00000, 0x000000008bf00000|  0%| F|  |TAMS 0x000000008be00000| PB 0x000000008be00000| Untracked 
| 129|0x000000008bf00000, 0x000000008bf00000, 0x000000008c000000|  0%| F|  |TAMS 0x000000008bf00000| PB 0x000000008bf00000| Untracked 
| 130|0x000000008c000000, 0x000000008c000000, 0x000000008c100000|  0%| F|  |TAMS 0x000000008c000000| PB 0x000000008c000000| Untracked 
| 131|0x000000008c100000, 0x000000008c100000, 0x000000008c200000|  0%| F|  |TAMS 0x000000008c100000| PB 0x000000008c100000| Untracked 
| 132|0x000000008c200000, 0x000000008c200000, 0x000000008c300000|  0%| F|  |TAMS 0x000000008c200000| PB 0x000000008c200000| Untracked 
| 133|0x000000008c300000, 0x000000008c300000, 0x000000008c400000|  0%| F|  |TAMS 0x000000008c300000| PB 0x000000008c300000| Untracked 
| 134|0x000000008c400000, 0x000000008c400000, 0x000000008c500000|  0%| F|  |TAMS 0x000000008c400000| PB 0x000000008c400000| Untracked 
| 135|0x000000008c500000, 0x000000008c500000, 0x000000008c600000|  0%| F|  |TAMS 0x000000008c500000| PB 0x000000008c500000| Untracked 
| 136|0x000000008c600000, 0x000000008c600000, 0x000000008c700000|  0%| F|  |TAMS 0x000000008c600000| PB 0x000000008c600000| Untracked 
| 137|0x000000008c700000, 0x000000008c700000, 0x000000008c800000|  0%| F|  |TAMS 0x000000008c700000| PB 0x000000008c700000| Untracked 
| 138|0x000000008c800000, 0x000000008c800000, 0x000000008c900000|  0%| F|  |TAMS 0x000000008c800000| PB 0x000000008c800000| Untracked 
| 139|0x000000008c900000, 0x000000008c900000, 0x000000008ca00000|  0%| F|  |TAMS 0x000000008c900000| PB 0x000000008c900000| Untracked 
| 140|0x000000008ca00000, 0x000000008ca00000, 0x000000008cb00000|  0%| F|  |TAMS 0x000000008ca00000| PB 0x000000008ca00000| Untracked 
| 141|0x000000008cb00000, 0x000000008cb00000, 0x000000008cc00000|  0%| F|  |TAMS 0x000000008cb00000| PB 0x000000008cb00000| Untracked 
| 142|0x000000008cc00000, 0x000000008cc00000, 0x000000008cd00000|  0%| F|  |TAMS 0x000000008cc00000| PB 0x000000008cc00000| Untracked 
| 143|0x000000008cd00000, 0x000000008cd00000, 0x000000008ce00000|  0%| F|  |TAMS 0x000000008cd00000| PB 0x000000008cd00000| Untracked 
| 144|0x000000008ce00000, 0x000000008ce00000, 0x000000008cf00000|  0%| F|  |TAMS 0x000000008ce00000| PB 0x000000008ce00000| Untracked 
| 145|0x000000008cf00000, 0x000000008cf00000, 0x000000008d000000|  0%| F|  |TAMS 0x000000008cf00000| PB 0x000000008cf00000| Untracked 
| 146|0x000000008d000000, 0x000000008d000000, 0x000000008d100000|  0%| F|  |TAMS 0x000000008d000000| PB 0x000000008d000000| Untracked 
| 147|0x000000008d100000, 0x000000008d100000, 0x000000008d200000|  0%| F|  |TAMS 0x000000008d100000| PB 0x000000008d100000| Untracked 
| 148|0x000000008d200000, 0x000000008d200000, 0x000000008d300000|  0%| F|  |TAMS 0x000000008d200000| PB 0x000000008d200000| Untracked 
| 149|0x000000008d300000, 0x000000008d300000, 0x000000008d400000|  0%| F|  |TAMS 0x000000008d300000| PB 0x000000008d300000| Untracked 
| 150|0x000000008d400000, 0x000000008d400000, 0x000000008d500000|  0%| F|  |TAMS 0x000000008d400000| PB 0x000000008d400000| Untracked 
| 151|0x000000008d500000, 0x000000008d500000, 0x000000008d600000|  0%| F|  |TAMS 0x000000008d500000| PB 0x000000008d500000| Untracked 
| 152|0x000000008d600000, 0x000000008d600000, 0x000000008d700000|  0%| F|  |TAMS 0x000000008d600000| PB 0x000000008d600000| Untracked 
| 153|0x000000008d700000, 0x000000008d700000, 0x000000008d800000|  0%| F|  |TAMS 0x000000008d700000| PB 0x000000008d700000| Untracked 
| 154|0x000000008d800000, 0x000000008d800000, 0x000000008d900000|  0%| F|  |TAMS 0x000000008d800000| PB 0x000000008d800000| Untracked 
| 155|0x000000008d900000, 0x000000008d900000, 0x000000008da00000|  0%| F|  |TAMS 0x000000008d900000| PB 0x000000008d900000| Untracked 
| 156|0x000000008da00000, 0x000000008da00000, 0x000000008db00000|  0%| F|  |TAMS 0x000000008da00000| PB 0x000000008da00000| Untracked 
| 157|0x000000008db00000, 0x000000008db00000, 0x000000008dc00000|  0%| F|  |TAMS 0x000000008db00000| PB 0x000000008db00000| Untracked 
| 158|0x000000008dc00000, 0x000000008dc00000, 0x000000008dd00000|  0%| F|  |TAMS 0x000000008dc00000| PB 0x000000008dc00000| Untracked 
| 159|0x000000008dd00000, 0x000000008dd00000, 0x000000008de00000|  0%| F|  |TAMS 0x000000008dd00000| PB 0x000000008dd00000| Untracked 
| 160|0x000000008de00000, 0x000000008de00000, 0x000000008df00000|  0%| F|  |TAMS 0x000000008de00000| PB 0x000000008de00000| Untracked 
| 161|0x000000008df00000, 0x000000008df00000, 0x000000008e000000|  0%| F|  |TAMS 0x000000008df00000| PB 0x000000008df00000| Untracked 
| 162|0x000000008e000000, 0x000000008e000000, 0x000000008e100000|  0%| F|  |TAMS 0x000000008e000000| PB 0x000000008e000000| Untracked 
| 163|0x000000008e100000, 0x000000008e100000, 0x000000008e200000|  0%| F|  |TAMS 0x000000008e100000| PB 0x000000008e100000| Untracked 
| 164|0x000000008e200000, 0x000000008e200000, 0x000000008e300000|  0%| F|  |TAMS 0x000000008e200000| PB 0x000000008e200000| Untracked 
| 165|0x000000008e300000, 0x000000008e300000, 0x000000008e400000|  0%| F|  |TAMS 0x000000008e300000| PB 0x000000008e300000| Untracked 
| 166|0x000000008e400000, 0x000000008e400000, 0x000000008e500000|  0%| F|  |TAMS 0x000000008e400000| PB 0x000000008e400000| Untracked 
| 167|0x000000008e500000, 0x000000008e500000, 0x000000008e600000|  0%| F|  |TAMS 0x000000008e500000| PB 0x000000008e500000| Untracked 
| 168|0x000000008e600000, 0x000000008e600000, 0x000000008e700000|  0%| F|  |TAMS 0x000000008e600000| PB 0x000000008e600000| Untracked 
| 169|0x000000008e700000, 0x000000008e700000, 0x000000008e800000|  0%| F|  |TAMS 0x000000008e700000| PB 0x000000008e700000| Untracked 
| 170|0x000000008e800000, 0x000000008e800000, 0x000000008e900000|  0%| F|  |TAMS 0x000000008e800000| PB 0x000000008e800000| Untracked 
| 171|0x000000008e900000, 0x000000008e900000, 0x000000008ea00000|  0%| F|  |TAMS 0x000000008e900000| PB 0x000000008e900000| Untracked 
| 172|0x000000008ea00000, 0x000000008ea00000, 0x000000008eb00000|  0%| F|  |TAMS 0x000000008ea00000| PB 0x000000008ea00000| Untracked 
| 173|0x000000008eb00000, 0x000000008eb00000, 0x000000008ec00000|  0%| F|  |TAMS 0x000000008eb00000| PB 0x000000008eb00000| Untracked 
| 174|0x000000008ec00000, 0x000000008ec00000, 0x000000008ed00000|  0%| F|  |TAMS 0x000000008ec00000| PB 0x000000008ec00000| Untracked 
| 175|0x000000008ed00000, 0x000000008ed00000, 0x000000008ee00000|  0%| F|  |TAMS 0x000000008ed00000| PB 0x000000008ed00000| Untracked 
| 176|0x000000008ee00000, 0x000000008ee00000, 0x000000008ef00000|  0%| F|  |TAMS 0x000000008ee00000| PB 0x000000008ee00000| Untracked 
| 177|0x000000008ef00000, 0x000000008ef00000, 0x000000008f000000|  0%| F|  |TAMS 0x000000008ef00000| PB 0x000000008ef00000| Untracked 
| 178|0x000000008f000000, 0x000000008f000000, 0x000000008f100000|  0%| F|  |TAMS 0x000000008f000000| PB 0x000000008f000000| Untracked 
| 179|0x000000008f100000, 0x000000008f100000, 0x000000008f200000|  0%| F|  |TAMS 0x000000008f100000| PB 0x000000008f100000| Untracked 
| 180|0x000000008f200000, 0x000000008f200000, 0x000000008f300000|  0%| F|  |TAMS 0x000000008f200000| PB 0x000000008f200000| Untracked 
| 181|0x000000008f300000, 0x000000008f300000, 0x000000008f400000|  0%| F|  |TAMS 0x000000008f300000| PB 0x000000008f300000| Untracked 
| 182|0x000000008f400000, 0x000000008f400000, 0x000000008f500000|  0%| F|  |TAMS 0x000000008f400000| PB 0x000000008f400000| Untracked 
| 183|0x000000008f500000, 0x000000008f500000, 0x000000008f600000|  0%| F|  |TAMS 0x000000008f500000| PB 0x000000008f500000| Untracked 
| 184|0x000000008f600000, 0x000000008f600000, 0x000000008f700000|  0%| F|  |TAMS 0x000000008f600000| PB 0x000000008f600000| Untracked 
| 185|0x000000008f700000, 0x000000008f700000, 0x000000008f800000|  0%| F|  |TAMS 0x000000008f700000| PB 0x000000008f700000| Untracked 
| 186|0x000000008f800000, 0x000000008f800000, 0x000000008f900000|  0%| F|  |TAMS 0x000000008f800000| PB 0x000000008f800000| Untracked 
| 187|0x000000008f900000, 0x000000008f900000, 0x000000008fa00000|  0%| F|  |TAMS 0x000000008f900000| PB 0x000000008f900000| Untracked 
| 188|0x000000008fa00000, 0x000000008fa00000, 0x000000008fb00000|  0%| F|  |TAMS 0x000000008fa00000| PB 0x000000008fa00000| Untracked 
| 189|0x000000008fb00000, 0x000000008fb00000, 0x000000008fc00000|  0%| F|  |TAMS 0x000000008fb00000| PB 0x000000008fb00000| Untracked 
| 190|0x000000008fc00000, 0x000000008fc00000, 0x000000008fd00000|  0%| F|  |TAMS 0x000000008fc00000| PB 0x000000008fc00000| Untracked 
| 191|0x000000008fd00000, 0x000000008fd00000, 0x000000008fe00000|  0%| F|  |TAMS 0x000000008fd00000| PB 0x000000008fd00000| Untracked 
| 192|0x000000008fe00000, 0x000000008fe00000, 0x000000008ff00000|  0%| F|  |TAMS 0x000000008fe00000| PB 0x000000008fe00000| Untracked 
| 193|0x000000008ff00000, 0x000000008ffc11d0, 0x0000000090000000| 75%| S|CS|TAMS 0x000000008ff00000| PB 0x000000008ff00000| Complete 
| 194|0x0000000090000000, 0x0000000090000000, 0x0000000090100000|  0%| F|  |TAMS 0x0000000090000000| PB 0x0000000090000000| Untracked 
| 195|0x0000000090100000, 0x0000000090100000, 0x0000000090200000|  0%| F|  |TAMS 0x0000000090100000| PB 0x0000000090100000| Untracked 
| 196|0x0000000090200000, 0x0000000090200000, 0x0000000090300000|  0%| F|  |TAMS 0x0000000090200000| PB 0x0000000090200000| Untracked 
| 197|0x0000000090300000, 0x0000000090300000, 0x0000000090400000|  0%| F|  |TAMS 0x0000000090300000| PB 0x0000000090300000| Untracked 
| 198|0x0000000090400000, 0x0000000090400000, 0x0000000090500000|  0%| F|  |TAMS 0x0000000090400000| PB 0x0000000090400000| Untracked 
| 199|0x0000000090500000, 0x0000000090500000, 0x0000000090600000|  0%| F|  |TAMS 0x0000000090500000| PB 0x0000000090500000| Untracked 
| 200|0x0000000090600000, 0x0000000090600000, 0x0000000090700000|  0%| F|  |TAMS 0x0000000090600000| PB 0x0000000090600000| Untracked 
| 201|0x0000000090700000, 0x0000000090700000, 0x0000000090800000|  0%| F|  |TAMS 0x0000000090700000| PB 0x0000000090700000| Untracked 
| 202|0x0000000090800000, 0x0000000090800000, 0x0000000090900000|  0%| F|  |TAMS 0x0000000090800000| PB 0x0000000090800000| Untracked 
| 569|0x00000000a7700000, 0x00000000a7700000, 0x00000000a7800000|  0%| F|  |TAMS 0x00000000a7700000| PB 0x00000000a7700000| Untracked 

Card table byte_map: [0x000001813bb00000,0x000001813bef0000] _byte_map_base: 0x000001813b6e1000

Marking Bits: (CMBitMap*) 0x0000018130223180
 Bits: [0x000001813bef0000, 0x000001813ddf8000)

Polling page: 0x000001812f930000

Metaspace:

Usage:
  Non-class:     88.71 MB used.
      Class:     14.82 MB used.
       Both:    103.53 MB used.

Virtual space:
  Non-class space:      128.00 MB reserved,      89.25 MB ( 70%) committed,  2 nodes.
      Class space:        1.00 GB reserved,      15.25 MB (  1%) committed,  1 nodes.
             Both:        1.12 GB reserved,     104.50 MB (  9%) committed. 

Chunk freelists:
   Non-Class:  5.98 MB
       Class:  800.00 KB
        Both:  6.76 MB

MaxMetaspaceSize: unlimited
CompressedClassSpaceSize: 1.00 GB
Initial GC threshold: 21.00 MB
Current GC threshold: 174.00 MB
CDS: on
 - commit_granule_bytes: 65536.
 - commit_granule_words: 8192.
 - virtual_space_node_default_size: 8388608.
 - enlarge_chunks_in_place: 1.
 - use_allocation_guard: 0.


Internal statistics:

num_allocs_failed_limit: 6.
num_arena_births: 2604.
num_arena_deaths: 1194.
num_vsnodes_births: 3.
num_vsnodes_deaths: 0.
num_space_committed: 1672.
num_space_uncommitted: 0.
num_chunks_returned_to_freelist: 1421.
num_chunks_taken_from_freelist: 7248.
num_chunk_merges: 272.
num_chunk_splits: 4412.
num_chunks_enlarged: 3198.
num_inconsistent_stats: 0.

CodeCache: size=49152Kb used=16430Kb max_used=19740Kb free=32722Kb
 bounds [0x0000018138600000, 0x00000181399e0000, 0x000001813b600000]
 total_blobs=8430 nmethods=7571 adapters=779
 compilation: enabled
              stopped_count=0, restarted_count=0
 full_count=0

Compilation events (20 events):
Event: 1143.745 Thread 0x0000018140904660 21865       1       java.lang.invoke.LambdaForm$NamedFunction::returnType (11 bytes)
Event: 1143.747 Thread 0x0000018140904660 nmethod 21865 0x000001813877bc10 code [0x000001813877bde0, 0x000001813877c008]
Event: 1143.894 Thread 0x0000018140904660 21866       1       org.springframework.beans.factory.config.DependencyDescriptor::increaseNestingLevel (34 bytes)
Event: 1143.894 Thread 0x0000018186fe3d60 21867       1       org.springframework.core.MethodParameter::nested (6 bytes)
Event: 1143.894 Thread 0x0000018186fe3d60 nmethod 21867 0x0000018138732690 code [0x0000018138732840, 0x0000018138732940]
Event: 1143.894 Thread 0x0000018186fe3d60 21868       1       org.springframework.core.MethodParameter::nested (38 bytes)
Event: 1143.894 Thread 0x0000018186fe3d60 nmethod 21868 0x000001813873c410 code [0x000001813873c5c0, 0x000001813873c768]
Event: 1143.895 Thread 0x0000018140904660 nmethod 21866 0x000001813877da10 code [0x000001813877dbc0, 0x000001813877dd98]
Event: 1143.895 Thread 0x0000018186fe3d60 21869       1       org.springframework.core.MethodParameter::nested (66 bytes)
Event: 1143.895 Thread 0x0000018186fe3d60 nmethod 21869 0x0000018138967190 code [0x00000181389673a0, 0x00000181389678e0]
Event: 1143.896 Thread 0x0000018186fe3d60 21870       1       org.springframework.beans.factory.config.DependencyDescriptor::resolveShortcut (2 bytes)
Event: 1143.896 Thread 0x0000018186fe3d60 nmethod 21870 0x0000018138736290 code [0x0000018138736420, 0x00000181387364f0]
Event: 1143.901 Thread 0x0000018140904660 21871       1       java.lang.invoke.LambdaForm$Name::index (5 bytes)
Event: 1143.901 Thread 0x0000018140904660 nmethod 21871 0x0000018138736890 code [0x0000018138736a20, 0x0000018138736ae8]
Event: 1143.902 Thread 0x0000018140904660 21872       1       java.lang.invoke.LambdaForm$Name::<init> (23 bytes)
Event: 1143.902 Thread 0x0000018140904660 nmethod 21872 0x00000181388d2c10 code [0x00000181388d2e00, 0x00000181388d32e8]
Event: 1143.905 Thread 0x0000018140904660 21873   !   1       jdk.proxy2.$Proxy62::annotationType (29 bytes)
Event: 1143.906 Thread 0x0000018140904660 nmethod 21873 0x00000181387b2990 code [0x00000181387b2b60, 0x00000181387b2dc8]
Event: 1144.113 Thread 0x0000018140904660 21874       1       sun.reflect.generics.reflectiveObjects.GenericArrayTypeImpl::hashCode (8 bytes)
Event: 1144.113 Thread 0x0000018140904660 nmethod 21874 0x0000018138792390 code [0x0000018138792540, 0x0000018138792678]

GC Heap History (20 events):
Event: 1122.423 GC heap after
{Heap after GC invocations=88 (full 2):
 garbage-first heap   total 194560K, used 55921K [0x0000000083e00000, 0x0000000100000000)
  region size 1024K, 1 young (1024K), 1 survivors (1024K)
 Metaspace       used 105315K, committed 106176K, reserved 1179648K
  class space    used 15081K, committed 15488K, reserved 1048576K
}
Event: 1134.085 GC heap before
{Heap before GC invocations=88 (full 2):
 garbage-first heap   total 194560K, used 77425K [0x0000000083e00000, 0x0000000100000000)
  region size 1024K, 23 young (23552K), 1 survivors (1024K)
 Metaspace       used 105466K, committed 106368K, reserved 1179648K
  class space    used 15095K, committed 15552K, reserved 1048576K
}
Event: 1134.133 GC heap after
{Heap after GC invocations=89 (full 2):
 garbage-first heap   total 194560K, used 57189K [0x0000000083e00000, 0x0000000100000000)
  region size 1024K, 2 young (2048K), 2 survivors (2048K)
 Metaspace       used 105466K, committed 106368K, reserved 1179648K
  class space    used 15095K, committed 15552K, reserved 1048576K
}
Event: 1135.216 GC heap before
{Heap before GC invocations=90 (full 2):
 garbage-first heap   total 194560K, used 64357K [0x0000000083e00000, 0x0000000100000000)
  region size 1024K, 9 young (9216K), 2 survivors (2048K)
 Metaspace       used 105513K, committed 106432K, reserved 1179648K
  class space    used 15097K, committed 15552K, reserved 1048576K
}
Event: 1135.361 GC heap after
{Heap after GC invocations=91 (full 2):
 garbage-first heap   total 194560K, used 57897K [0x0000000083e00000, 0x0000000100000000)
  region size 1024K, 1 young (1024K), 1 survivors (1024K)
 Metaspace       used 105513K, committed 106432K, reserved 1179648K
  class space    used 15097K, committed 15552K, reserved 1048576K
}
Event: 1136.311 GC heap before
{Heap before GC invocations=91 (full 2):
 garbage-first heap   total 194560K, used 66089K [0x0000000083e00000, 0x0000000100000000)
  region size 1024K, 9 young (9216K), 1 survivors (1024K)
 Metaspace       used 105571K, committed 106496K, reserved 1179648K
  class space    used 15101K, committed 15552K, reserved 1048576K
}
Event: 1136.389 GC heap after
{Heap after GC invocations=92 (full 2):
 garbage-first heap   total 194560K, used 58175K [0x0000000083e00000, 0x0000000100000000)
  region size 1024K, 2 young (2048K), 2 survivors (2048K)
 Metaspace       used 105571K, committed 106496K, reserved 1179648K
  class space    used 15101K, committed 15552K, reserved 1048576K
}
Event: 1137.717 GC heap before
{Heap before GC invocations=92 (full 2):
 garbage-first heap   total 194560K, used 74559K [0x0000000083e00000, 0x0000000100000000)
  region size 1024K, 18 young (18432K), 2 survivors (2048K)
 Metaspace       used 105741K, committed 106688K, reserved 1179648K
  class space    used 15114K, committed 15552K, reserved 1048576K
}
Event: 1137.734 GC heap after
{Heap after GC invocations=93 (full 2):
 garbage-first heap   total 583680K, used 58856K [0x0000000083e00000, 0x0000000100000000)
  region size 1024K, 3 young (3072K), 3 survivors (3072K)
 Metaspace       used 105741K, committed 106688K, reserved 1179648K
  class space    used 15114K, committed 15552K, reserved 1048576K
}
Event: 1138.113 GC heap before
{Heap before GC invocations=94 (full 2):
 garbage-first heap   total 208896K, used 66024K [0x0000000083e00000, 0x0000000100000000)
  region size 1024K, 10 young (10240K), 3 survivors (3072K)
 Metaspace       used 105741K, committed 106688K, reserved 1179648K
  class space    used 15114K, committed 15552K, reserved 1048576K
}
Event: 1138.123 GC heap after
{Heap after GC invocations=95 (full 2):
 garbage-first heap   total 208896K, used 59368K [0x0000000083e00000, 0x0000000100000000)
  region size 1024K, 2 young (2048K), 2 survivors (2048K)
 Metaspace       used 105741K, committed 106688K, reserved 1179648K
  class space    used 15114K, committed 15552K, reserved 1048576K
}
Event: 1138.412 GC heap before
{Heap before GC invocations=95 (full 2):
 garbage-first heap   total 208896K, used 67560K [0x0000000083e00000, 0x0000000100000000)
  region size 1024K, 10 young (10240K), 2 survivors (2048K)
 Metaspace       used 105789K, committed 106688K, reserved 1179648K
  class space    used 15122K, committed 15552K, reserved 1048576K
}
Event: 1138.422 GC heap after
{Heap after GC invocations=96 (full 2):
 garbage-first heap   total 208896K, used 59490K [0x0000000083e00000, 0x0000000100000000)
  region size 1024K, 2 young (2048K), 2 survivors (2048K)
 Metaspace       used 105789K, committed 106688K, reserved 1179648K
  class space    used 15122K, committed 15552K, reserved 1048576K
}
Event: 1138.529 GC heap before
{Heap before GC invocations=96 (full 2):
 garbage-first heap   total 208896K, used 67682K [0x0000000083e00000, 0x0000000100000000)
  region size 1024K, 10 young (10240K), 2 survivors (2048K)
 Metaspace       used 105789K, committed 106688K, reserved 1179648K
  class space    used 15122K, committed 15552K, reserved 1048576K
}
Event: 1138.568 GC heap after
{Heap after GC invocations=97 (full 2):
 garbage-first heap   total 208896K, used 59467K [0x0000000083e00000, 0x0000000100000000)
  region size 1024K, 2 young (2048K), 2 survivors (2048K)
 Metaspace       used 105789K, committed 106688K, reserved 1179648K
  class space    used 15122K, committed 15552K, reserved 1048576K
}
Event: 1142.683 GC heap before
{Heap before GC invocations=97 (full 2):
 garbage-first heap   total 208896K, used 126027K [0x0000000083e00000, 0x0000000100000000)
  region size 1024K, 67 young (68608K), 2 survivors (2048K)
 Metaspace       used 105935K, committed 106880K, reserved 1179648K
  class space    used 15159K, committed 15552K, reserved 1048576K
}
Event: 1142.754 GC heap after
{Heap after GC invocations=98 (full 2):
 garbage-first heap   total 208896K, used 63261K [0x0000000083e00000, 0x0000000100000000)
  region size 1024K, 6 young (6144K), 6 survivors (6144K)
 Metaspace       used 105935K, committed 106880K, reserved 1179648K
  class space    used 15159K, committed 15552K, reserved 1048576K
}
Event: 1143.205 GC heap before
{Heap before GC invocations=99 (full 2):
 garbage-first heap   total 208896K, used 67357K [0x0000000083e00000, 0x0000000100000000)
  region size 1024K, 10 young (10240K), 6 survivors (6144K)
 Metaspace       used 105939K, committed 106880K, reserved 1179648K
  class space    used 15161K, committed 15552K, reserved 1048576K
}
Event: 1143.592 GC heap after
{Heap after GC invocations=100 (full 2):
 garbage-first heap   total 208896K, used 63889K [0x0000000083e00000, 0x0000000100000000)
  region size 1024K, 1 young (1024K), 1 survivors (1024K)
 Metaspace       used 105939K, committed 106880K, reserved 1179648K
  class space    used 15161K, committed 15552K, reserved 1048576K
}
Event: 1144.604 GC heap before
{Heap before GC invocations=100 (full 2):
 garbage-first heap   total 208896K, used 73105K [0x0000000083e00000, 0x0000000100000000)
  region size 1024K, 10 young (10240K), 1 survivors (1024K)
 Metaspace       used 106013K, committed 107008K, reserved 1179648K
  class space    used 15179K, committed 15616K, reserved 1048576K
}

Dll operation events (12 events):
Event: 0.026 Loaded shared library C:\Users\loren\.jdks\openjdk-21.0.2\bin\java.dll
Event: 0.028 Loaded shared library C:\Users\loren\.jdks\openjdk-21.0.2\bin\zip.dll
Event: 0.499 Loaded shared library C:\Users\loren\.jdks\openjdk-21.0.2\bin\instrument.dll
Event: 0.796 Loaded shared library C:\Users\loren\.jdks\openjdk-21.0.2\bin\net.dll
Event: 0.799 Loaded shared library C:\Users\loren\.jdks\openjdk-21.0.2\bin\nio.dll
Event: 0.808 Loaded shared library C:\Users\loren\.jdks\openjdk-21.0.2\bin\zip.dll
Event: 1.649 Loaded shared library C:\Users\loren\.jdks\openjdk-21.0.2\bin\jimage.dll
Event: 2.053 Loaded shared library C:\Users\loren\.jdks\openjdk-21.0.2\bin\management.dll
Event: 2.082 Loaded shared library C:\Users\loren\.jdks\openjdk-21.0.2\bin\management_ext.dll
Event: 2.697 Loaded shared library C:\Users\loren\.jdks\openjdk-21.0.2\bin\extnet.dll
Event: 13.223 Loaded shared library C:\Users\loren\.jdks\openjdk-21.0.2\bin\sunmscapi.dll
Event: 18.713 Loaded shared library C:\Users\loren\.jdks\openjdk-21.0.2\bin\verify.dll

Deoptimization events (20 events):
Event: 1144.595 Thread 0x000001818f0be5e0 DEOPT PACKING pc=0x0000018138e28d94 sp=0x000000558f8fc100
Event: 1144.595 Thread 0x000001818f0be5e0 DEOPT UNPACKING pc=0x00000181386588e2 sp=0x000000558f8fb6c0 mode 1
Event: 1144.596 Thread 0x000001818f0be5e0 DEOPT PACKING pc=0x0000018138e27e5c sp=0x000000558f8fbeb0
Event: 1144.596 Thread 0x000001818f0be5e0 DEOPT UNPACKING pc=0x00000181386588e2 sp=0x000000558f8fb3d8 mode 1
Event: 1144.596 Thread 0x000001818f0be5e0 DEOPT PACKING pc=0x0000018138e2ba64 sp=0x000000558f8fbf90
Event: 1144.596 Thread 0x000001818f0be5e0 DEOPT UNPACKING pc=0x00000181386588e2 sp=0x000000558f8fb540 mode 1
Event: 1144.596 Thread 0x000001818f0be5e0 DEOPT PACKING pc=0x0000018138e28d94 sp=0x000000558f8fc100
Event: 1144.596 Thread 0x000001818f0be5e0 DEOPT UNPACKING pc=0x00000181386588e2 sp=0x000000558f8fb6c0 mode 1
Event: 1144.597 Thread 0x000001818f0be5e0 DEOPT PACKING pc=0x0000018138e27e5c sp=0x000000558f8fbf40
Event: 1144.597 Thread 0x000001818f0be5e0 DEOPT UNPACKING pc=0x00000181386588e2 sp=0x000000558f8fb468 mode 1
Event: 1144.597 Thread 0x000001818f0be5e0 DEOPT PACKING pc=0x0000018138e2ba64 sp=0x000000558f8fc020
Event: 1144.597 Thread 0x000001818f0be5e0 DEOPT UNPACKING pc=0x00000181386588e2 sp=0x000000558f8fb5d0 mode 1
Event: 1144.597 Thread 0x000001818f0be5e0 DEOPT PACKING pc=0x0000018138e28d94 sp=0x000000558f8fc190
Event: 1144.597 Thread 0x000001818f0be5e0 DEOPT UNPACKING pc=0x00000181386588e2 sp=0x000000558f8fb750 mode 1
Event: 1144.598 Thread 0x000001818f0be5e0 DEOPT PACKING pc=0x0000018138e27e5c sp=0x000000558f8fbeb0
Event: 1144.598 Thread 0x000001818f0be5e0 DEOPT UNPACKING pc=0x00000181386588e2 sp=0x000000558f8fb3d8 mode 1
Event: 1144.598 Thread 0x000001818f0be5e0 DEOPT PACKING pc=0x0000018138e2ba64 sp=0x000000558f8fbf90
Event: 1144.598 Thread 0x000001818f0be5e0 DEOPT UNPACKING pc=0x00000181386588e2 sp=0x000000558f8fb540 mode 1
Event: 1144.598 Thread 0x000001818f0be5e0 DEOPT PACKING pc=0x0000018138e28d94 sp=0x000000558f8fc100
Event: 1144.598 Thread 0x000001818f0be5e0 DEOPT UNPACKING pc=0x00000181386588e2 sp=0x000000558f8fb6c0 mode 1

Classes loaded (20 events):
Event: 1140.530 Loading class org/springframework/security/config/annotation/web/configurers/AuthorizeHttpRequestsConfigurer$AuthorizationManagerRequestMatcherRegistry
Event: 1140.530 Loading class org/springframework/security/config/annotation/web/configurers/AuthorizeHttpRequestsConfigurer$AuthorizationManagerRequestMatcherRegistry done
Event: 1140.594 Loading class org/springframework/security/config/Customizer
Event: 1140.594 Loading class org/springframework/security/config/Customizer done
Event: 1140.594 Loading class org/springframework/security/config/annotation/web/configurers/SessionManagementConfigurer
Event: 1140.594 Loading class org/springframework/security/config/annotation/web/configurers/SessionManagementConfigurer done
Event: 1140.594 Loading class org/springframework/security/config/annotation/web/configurers/SessionManagementConfigurer
Event: 1140.594 Loading class org/springframework/security/config/annotation/web/configurers/SessionManagementConfigurer done
Event: 1140.821 Loading class org/springframework/web/servlet/handler/HandlerMappingIntrospector$$Lambda/0x0000018142d2c478
Event: 1140.821 Loading class org/springframework/web/servlet/handler/HandlerMappingIntrospector$$Lambda/0x0000018142d2c478 done
Event: 1140.822 Loading class org/springframework/web/servlet/handler/HandlerMappingIntrospector$$Lambda/0x0000018142d2c478
Event: 1140.822 Loading class org/springframework/web/servlet/handler/HandlerMappingIntrospector$$Lambda/0x0000018142d2c478 done
Event: 1140.824 Loading class org/springframework/web/servlet/handler/HandlerMappingIntrospector$$Lambda/0x0000018142d2c478
Event: 1140.824 Loading class org/springframework/web/servlet/handler/HandlerMappingIntrospector$$Lambda/0x0000018142d2c478 done
Event: 1140.825 Loading class org/springframework/web/servlet/handler/HandlerMappingIntrospector$$Lambda/0x0000018142d2c478
Event: 1140.825 Loading class org/springframework/web/servlet/handler/HandlerMappingIntrospector$$Lambda/0x0000018142d2c478 done
Event: 1140.964 Loading class javax/money/MonetaryAmount
Event: 1140.964 Loading class javax/money/MonetaryAmount done
Event: 1140.964 Loading class org/joda/time/ReadableInstant
Event: 1140.964 Loading class org/joda/time/ReadableInstant done

Classes unloaded (20 events):
Event: 1090.701 Thread 0x00000181408d6580 Unloading class 0x0000018142f1d000 'java/lang/invoke/LambdaForm$MH+0x0000018142f1d000'
Event: 1090.701 Thread 0x00000181408d6580 Unloading class 0x0000018142f1cc00 'java/lang/invoke/LambdaForm$MH+0x0000018142f1cc00'
Event: 1090.701 Thread 0x00000181408d6580 Unloading class 0x0000018142f1c800 'java/lang/invoke/LambdaForm$MH+0x0000018142f1c800'
Event: 1090.701 Thread 0x00000181408d6580 Unloading class 0x0000018142f1c000 'java/lang/invoke/LambdaForm$MH+0x0000018142f1c000'
Event: 1090.702 Thread 0x00000181408d6580 Unloading class 0x0000018142f1b800 'java/lang/invoke/LambdaForm$MH+0x0000018142f1b800'
Event: 1090.702 Thread 0x00000181408d6580 Unloading class 0x0000018142f1b000 'java/lang/invoke/LambdaForm$MH+0x0000018142f1b000'
Event: 1090.702 Thread 0x00000181408d6580 Unloading class 0x0000018142f1a800 'java/lang/invoke/LambdaForm$MH+0x0000018142f1a800'
Event: 1090.703 Thread 0x00000181408d6580 Unloading class 0x0000018142f1a400 'java/lang/invoke/LambdaForm$MH+0x0000018142f1a400'
Event: 1090.705 Thread 0x00000181408d6580 Unloading class 0x0000018142ee3400 'java/lang/invoke/LambdaForm$MH+0x0000018142ee3400'
Event: 1090.706 Thread 0x00000181408d6580 Unloading class 0x0000018142d0c800 'java/lang/invoke/LambdaForm$MH+0x0000018142d0c800'
Event: 1096.520 Thread 0x00000181408d6580 Unloading class 0x000001814257cc00 'java/lang/invoke/LambdaForm$MH+0x000001814257cc00'
Event: 1096.521 Thread 0x00000181408d6580 Unloading class 0x00000181424b9800 'java/lang/invoke/LambdaForm$MH+0x00000181424b9800'
Event: 1096.521 Thread 0x00000181408d6580 Unloading class 0x0000018142c90800 'java/lang/invoke/LambdaForm$MH+0x0000018142c90800'
Event: 1096.521 Thread 0x00000181408d6580 Unloading class 0x0000018142ca1800 'java/lang/invoke/LambdaForm$DMH+0x0000018142ca1800'
Event: 1096.521 Thread 0x00000181408d6580 Unloading class 0x0000018142d69000 'java/lang/invoke/LambdaForm$MH+0x0000018142d69000'
Event: 1121.102 Thread 0x00000181408d6580 Unloading class 0x00000181420c3c00 'java/lang/invoke/LambdaForm$MH+0x00000181420c3c00'
Event: 1142.891 Thread 0x00000181408d6580 Unloading class 0x0000018142c80800 'jdk/internal/reflect/GeneratedSerializationConstructorAccessor17'
Event: 1142.892 Thread 0x00000181408d6580 Unloading class 0x0000018142c91400 'jdk/internal/reflect/GeneratedSerializationConstructorAccessor16'
Event: 1142.892 Thread 0x00000181408d6580 Unloading class 0x0000018142ca1400 'jdk/internal/reflect/GeneratedSerializationConstructorAccessor15'
Event: 1142.892 Thread 0x00000181408d6580 Unloading class 0x0000018142cf5400 'jdk/internal/reflect/GeneratedSerializationConstructorAccessor14'

Classes redefined (0 events):
No events

Internal exceptions (20 events):
Event: 1107.738 Thread 0x000001818f0be5e0 Exception <a 'java/lang/ArrayIndexOutOfBoundsException'{0x000000009637de60}> (0x000000009637de60) 
thrown [s\open\src\hotspot\share\runtime\sharedRuntime.cpp, line 625]
Event: 1107.738 Thread 0x000001818f0be5e0 Exception <a 'java/lang/ArrayIndexOutOfBoundsException'{0x000000009637e6e8}> (0x000000009637e6e8) 
thrown [s\open\src\hotspot\share\runtime\sharedRuntime.cpp, line 625]
Event: 1108.392 Thread 0x000001818f0be5e0 Exception <a 'java/lang/NoSuchMethodError'{0x0000000095734ee8}: 'int java.lang.invoke.DirectMethodHandle$Holder.invokeVirtual(java.lang.Object, java.lang.Object, java.lang.Object, java.lang.Object)'> (0x0000000095734ee8) 
thrown [s\open\src\hotspot\share\interpreter\linkResolver.cpp, line 773]
Event: 1108.393 Thread 0x000001818f0be5e0 Exception <a 'java/lang/NoSuchMethodError'{0x00000000957384b0}: 'int java.lang.invoke.DelegatingMethodHandle$Holder.reinvoke_L(java.lang.Object, java.lang.Object, java.lang.Object, java.lang.Object)'> (0x00000000957384b0) 
thrown [s\open\src\hotspot\share\interpreter\linkResolver.cpp, line 773]
Event: 1108.414 Thread 0x000001818f0be5e0 Exception <a 'java/io/FileNotFoundException'{0x00000000957a4a38}> (0x00000000957a4a38) 
thrown [s\open\src\hotspot\share\prims\jni.cpp, line 520]
Event: 1110.518 Thread 0x000001818f0be5e0 Exception <a 'java/lang/NoSuchMethodError'{0x00000000966efba8}: 'long java.lang.invoke.DelegatingMethodHandle$Holder.reinvoke_L(java.lang.Object, java.lang.Object)'> (0x00000000966efba8) 
thrown [s\open\src\hotspot\share\interpreter\linkResolver.cpp, line 773]
Event: 1110.519 Thread 0x000001818f0be5e0 Exception <a 'java/lang/NoSuchMethodError'{0x00000000966f6718}: 'void java.lang.invoke.DelegatingMethodHandle$Holder.reinvoke_L(java.lang.Object, java.lang.Object, long)'> (0x00000000966f6718) 
thrown [s\open\src\hotspot\share\interpreter\linkResolver.cpp, line 773]
Event: 1115.152 Thread 0x000001818f0be5e0 Exception <a 'java/io/FileNotFoundException'{0x00000000958bf6b0}> (0x00000000958bf6b0) 
thrown [s\open\src\hotspot\share\prims\jni.cpp, line 520]
Event: 1116.678 Thread 0x000001818f0bbe80 Exception <a 'java/io/FileNotFoundException'{0x000000009565e090}> (0x000000009565e090) 
thrown [s\open\src\hotspot\share\prims\jni.cpp, line 520]
Event: 1117.783 Thread 0x000001818f0bbe80 Exception <a 'java/io/FileNotFoundException'{0x00000000955d3a40}> (0x00000000955d3a40) 
thrown [s\open\src\hotspot\share\prims\jni.cpp, line 520]
Event: 1118.949 Thread 0x000001818f0bbe80 Exception <a 'java/io/FileNotFoundException'{0x0000000094fd2548}> (0x0000000094fd2548) 
thrown [s\open\src\hotspot\share\prims\jni.cpp, line 520]
Event: 1120.058 Thread 0x000001818f0bbe80 Exception <a 'java/io/FileNotFoundException'{0x0000000094d6e3b0}> (0x0000000094d6e3b0) 
thrown [s\open\src\hotspot\share\prims\jni.cpp, line 520]
Event: 1121.207 Thread 0x000001818f0bbe80 Exception <a 'java/io/FileNotFoundException'{0x00000000969ee9c8}> (0x00000000969ee9c8) 
thrown [s\open\src\hotspot\share\prims\jni.cpp, line 520]
Event: 1122.895 Thread 0x000001818f0bbe80 Exception <a 'java/io/FileNotFoundException'{0x000000008f594ab0}> (0x000000008f594ab0) 
thrown [s\open\src\hotspot\share\prims\jni.cpp, line 520]
Event: 1123.939 Thread 0x000001818f0bbe80 Exception <a 'java/io/FileNotFoundException'{0x000000008f04cec0}> (0x000000008f04cec0) 
thrown [s\open\src\hotspot\share\prims\jni.cpp, line 520]
Event: 1124.969 Thread 0x000001818f0bbe80 Exception <a 'java/io/FileNotFoundException'{0x000000008ef4fce0}> (0x000000008ef4fce0) 
thrown [s\open\src\hotspot\share\prims\jni.cpp, line 520]
Event: 1125.975 Thread 0x000001818f0bbe80 Exception <a 'java/io/FileNotFoundException'{0x000000008ee45438}> (0x000000008ee45438) 
thrown [s\open\src\hotspot\share\prims\jni.cpp, line 520]
Event: 1135.615 Thread 0x000001818f0be5e0 Exception <a 'java/io/FileNotFoundException'{0x000000009437da20}> (0x000000009437da20) 
thrown [s\open\src\hotspot\share\prims\jni.cpp, line 520]
Event: 1138.257 Thread 0x000001818f0be5e0 Exception <a 'java/io/FileNotFoundException'{0x000000009064b6c8}> (0x000000009064b6c8) 
thrown [s\open\src\hotspot\share\prims\jni.cpp, line 520]
Event: 1138.259 Thread 0x000001818f0be5e0 Exception <a 'java/io/FileNotFoundException'{0x0000000090655b70}> (0x0000000090655b70) 
thrown [s\open\src\hotspot\share\prims\jni.cpp, line 520]

ZGC Phase Switch (0 events):
No events

VM Operations (20 events):
Event: 1139.579 Executing VM operation: Cleanup done
Event: 1140.585 Executing VM operation: Cleanup
Event: 1140.586 Executing VM operation: Cleanup done
Event: 1141.592 Executing VM operation: Cleanup
Event: 1141.654 Executing VM operation: Cleanup done
Event: 1142.402 Executing VM operation: HandshakeAllThreads (HandshakeForDeflation)
Event: 1142.494 Executing VM operation: HandshakeAllThreads (HandshakeForDeflation) done
Event: 1142.494 Executing VM operation: RendezvousGCThreads
Event: 1142.494 Executing VM operation: RendezvousGCThreads done
Event: 1142.683 Executing VM operation: G1CollectForAllocation (G1 Evacuation Pause)
Event: 1142.754 Executing VM operation: G1CollectForAllocation (G1 Evacuation Pause) done
Event: 1142.830 Executing VM operation: G1PauseRemark
Event: 1142.922 Executing VM operation: G1PauseRemark done
Event: 1142.947 Executing VM operation: G1PauseCleanup
Event: 1142.947 Executing VM operation: G1PauseCleanup done
Event: 1143.205 Executing VM operation: G1CollectForAllocation (G1 Evacuation Pause)
Event: 1143.592 Executing VM operation: G1CollectForAllocation (G1 Evacuation Pause) done
Event: 1144.599 Executing VM operation: Cleanup
Event: 1144.599 Executing VM operation: Cleanup done
Event: 1144.604 Executing VM operation: G1CollectForAllocation (G1 Evacuation Pause)

Events (20 events):
Event: 1142.921 Thread 0x00000181408d6580 flushing nmethod 0x0000018138793010
Event: 1142.921 Thread 0x00000181408d6580 flushing nmethod 0x0000018138792390
Event: 1142.921 Thread 0x00000181408d6580 flushing nmethod 0x000001813878e110
Event: 1142.921 Thread 0x00000181408d6580 flushing nmethod 0x000001813877da10
Event: 1142.921 Thread 0x00000181408d6580 flushing nmethod 0x0000018138784c90
Event: 1142.921 Thread 0x00000181408d6580 flushing nmethod 0x000001813877c710
Event: 1142.921 Thread 0x00000181408d6580 flushing nmethod 0x0000018138733610
Event: 1142.921 Thread 0x00000181408d6580 flushing nmethod 0x0000018138772910
Event: 1142.921 Thread 0x00000181408d6580 flushing nmethod 0x000001813877bc10
Event: 1142.921 Thread 0x00000181408d6580 flushing nmethod 0x0000018138771c90
Event: 1142.921 Thread 0x00000181408d6580 flushing nmethod 0x000001813876e690
Event: 1142.921 Thread 0x00000181408d6580 flushing nmethod 0x000001813876ac10
Event: 1142.921 Thread 0x00000181408d6580 flushing nmethod 0x0000018138732690
Event: 1142.921 Thread 0x00000181408d6580 flushing nmethod 0x000001813874b990
Event: 1142.921 Thread 0x00000181408d6580 flushing nmethod 0x000001813872f090
Event: 1142.921 Thread 0x00000181408d6580 flushing nmethod 0x000001813873c410
Event: 1142.921 Thread 0x00000181408d6580 flushing nmethod 0x0000018138736890
Event: 1142.921 Thread 0x00000181408d6580 flushing nmethod 0x0000018138736290
Event: 1143.746 Thread 0x000001818a448090 Thread exited: 0x000001818a448090
Event: 1143.746 Thread 0x00000181301ca440 Thread exited: 0x00000181301ca440


Dynamic libraries:
0x00007ff60c230000 - 0x00007ff60c23e000 	C:\Users\loren\.jdks\openjdk-21.0.2\bin\java.exe
0x00007ffae1460000 - 0x00007ffae16c3000 	C:\WINDOWS\SYSTEM32\ntdll.dll
0x00007ffae0160000 - 0x00007ffae0227000 	C:\WINDOWS\System32\KERNEL32.DLL
0x00007ffadecc0000 - 0x00007ffadf087000 	C:\WINDOWS\System32\KERNELBASE.dll
0x00007ffade980000 - 0x00007ffadeacc000 	C:\WINDOWS\System32\ucrtbase.dll
0x00007ffad7e90000 - 0x00007ffad7eab000 	C:\Users\loren\.jdks\openjdk-21.0.2\bin\VCRUNTIME140.dll
0x00007ffada1c0000 - 0x00007ffada1d8000 	C:\Users\loren\.jdks\openjdk-21.0.2\bin\jli.dll
0x00007ffadf870000 - 0x00007ffadfa39000 	C:\WINDOWS\System32\USER32.dll
0x00007ffabec60000 - 0x00007ffabeef0000 	C:\WINDOWS\WinSxS\amd64_microsoft.windows.common-controls_6595b64144ccf1df_6.0.26100.3037_none_3e09262ce333c378\COMCTL32.dll
0x00007ffadf270000 - 0x00007ffadf297000 	C:\WINDOWS\System32\win32u.dll
0x00007ffae0410000 - 0x00007ffae04b9000 	C:\WINDOWS\System32\msvcrt.dll
0x00007ffadf400000 - 0x00007ffadf42a000 	C:\WINDOWS\System32\GDI32.dll
0x00007ffadf090000 - 0x00007ffadf1bb000 	C:\WINDOWS\System32\gdi32full.dll
0x00007ffadf1c0000 - 0x00007ffadf263000 	C:\WINDOWS\System32\msvcp_win.dll
0x00007ffae00a0000 - 0x00007ffae00cf000 	C:\WINDOWS\System32\IMM32.DLL
0x00007ffada180000 - 0x00007ffada18c000 	C:\Users\loren\.jdks\openjdk-21.0.2\bin\vcruntime140_1.dll
0x00007ffac87e0000 - 0x00007ffac886e000 	C:\Users\loren\.jdks\openjdk-21.0.2\bin\msvcp140.dll
0x00007ffa681a0000 - 0x00007ffa68eb7000 	C:\Users\loren\.jdks\openjdk-21.0.2\bin\server\jvm.dll
0x00007ffae0230000 - 0x00007ffae02e4000 	C:\WINDOWS\System32\ADVAPI32.dll
0x00007ffadfbe0000 - 0x00007ffadfc86000 	C:\WINDOWS\System32\sechost.dll
0x00007ffadf750000 - 0x00007ffadf866000 	C:\WINDOWS\System32\RPCRT4.dll
0x00007ffae0020000 - 0x00007ffae0094000 	C:\WINDOWS\System32\WS2_32.dll
0x00007ffade6b0000 - 0x00007ffade6fe000 	C:\WINDOWS\SYSTEM32\POWRPROF.dll
0x00007ffaceb70000 - 0x00007ffaceb7b000 	C:\WINDOWS\SYSTEM32\VERSION.dll
0x00007ffac8680000 - 0x00007ffac86b6000 	C:\WINDOWS\SYSTEM32\WINMM.dll
0x00007ffade670000 - 0x00007ffade684000 	C:\WINDOWS\SYSTEM32\UMPDC.dll
0x00007ffadd590000 - 0x00007ffadd5aa000 	C:\WINDOWS\SYSTEM32\kernel.appcore.dll
0x00007ffad9760000 - 0x00007ffad976a000 	C:\Users\loren\.jdks\openjdk-21.0.2\bin\jimage.dll
0x00007ffac4bb0000 - 0x00007ffac4df1000 	C:\WINDOWS\SYSTEM32\DBGHELP.DLL
0x00007ffadfc90000 - 0x00007ffae000e000 	C:\WINDOWS\System32\combase.dll
0x00007ffae0330000 - 0x00007ffae0406000 	C:\WINDOWS\System32\OLEAUT32.dll
0x00007ffac3be0000 - 0x00007ffac3c19000 	C:\WINDOWS\SYSTEM32\dbgcore.DLL
0x00007ffadec20000 - 0x00007ffadecb9000 	C:\WINDOWS\System32\bcryptPrimitives.dll
0x00007ffac89d0000 - 0x00007ffac8a0c000 	C:\Users\loren\.jdks\openjdk-21.0.2\bin\jdwp.dll
0x00007ffac8b50000 - 0x00007ffac8b5f000 	C:\Users\loren\.jdks\openjdk-21.0.2\bin\instrument.dll
0x00007ffad7e70000 - 0x00007ffad7e8f000 	C:\Users\loren\.jdks\openjdk-21.0.2\bin\java.dll
0x00007ffac8b60000 - 0x00007ffac8b78000 	C:\Users\loren\.jdks\openjdk-21.0.2\bin\zip.dll
0x00007ffae04c0000 - 0x00007ffae0bc4000 	C:\WINDOWS\System32\SHELL32.dll
0x00007ffadc4e0000 - 0x00007ffadcd17000 	C:\WINDOWS\SYSTEM32\windows.storage.dll
0x00007ffadf430000 - 0x00007ffadf519000 	C:\WINDOWS\System32\SHCORE.dll
0x00007ffadf3a0000 - 0x00007ffadf3fd000 	C:\WINDOWS\System32\shlwapi.dll
0x00007ffade710000 - 0x00007ffade73e000 	C:\WINDOWS\SYSTEM32\profapi.dll
0x00007ffac88b0000 - 0x00007ffac88bc000 	C:\Users\loren\.jdks\openjdk-21.0.2\bin\dt_socket.dll
0x00007ffadd010000 - 0x00007ffadd042000 	C:\WINDOWS\SYSTEM32\IPHLPAPI.DLL
0x00007ffaddae0000 - 0x00007ffaddb4a000 	C:\WINDOWS\system32\mswsock.dll
0x00007ffad7710000 - 0x00007ffad7720000 	C:\Users\loren\.jdks\openjdk-21.0.2\bin\net.dll
0x00007ffad4c50000 - 0x00007ffad4d6e000 	C:\WINDOWS\SYSTEM32\WINHTTP.dll
0x00007ffacc340000 - 0x00007ffacc356000 	C:\Users\loren\.jdks\openjdk-21.0.2\bin\nio.dll
0x00007ffadd050000 - 0x00007ffadd175000 	C:\WINDOWS\SYSTEM32\DNSAPI.dll
0x00007ffae0c60000 - 0x00007ffae0c6a000 	C:\WINDOWS\System32\NSI.dll
0x00007ffad4a50000 - 0x00007ffad4a5b000 	C:\Windows\System32\rasadhlp.dll
0x00007ffacfc80000 - 0x00007ffacfd05000 	C:\WINDOWS\System32\fwpuclnt.dll
0x00007ffacc0d0000 - 0x00007ffacc0da000 	C:\Users\loren\.jdks\openjdk-21.0.2\bin\management.dll
0x00007ffac99b0000 - 0x00007ffac99bb000 	C:\Users\loren\.jdks\openjdk-21.0.2\bin\management_ext.dll
0x00007ffae02f0000 - 0x00007ffae02f8000 	C:\WINDOWS\System32\PSAPI.DLL
0x00007ffadde90000 - 0x00007ffaddeac000 	C:\WINDOWS\SYSTEM32\CRYPTSP.dll
0x00007ffadd550000 - 0x00007ffadd588000 	C:\WINDOWS\system32\rsaenh.dll
0x00007ffaddb80000 - 0x00007ffaddbab000 	C:\WINDOWS\SYSTEM32\USERENV.dll
0x00007ffade020000 - 0x00007ffade046000 	C:\WINDOWS\SYSTEM32\bcrypt.dll
0x00007ffaddd10000 - 0x00007ffaddd1c000 	C:\WINDOWS\SYSTEM32\CRYPTBASE.dll
0x00007ffabda30000 - 0x00007ffabda48000 	C:\WINDOWS\system32\napinsp.dll
0x00007ffabd660000 - 0x00007ffabd672000 	C:\WINDOWS\System32\winrnr.dll
0x00007ffabad70000 - 0x00007ffabad92000 	C:\WINDOWS\system32\nlansp_c.dll
0x00007ffad5b80000 - 0x00007ffad5b96000 	C:\WINDOWS\system32\wshbth.dll
0x00007ffac89c0000 - 0x00007ffac89c9000 	C:\Users\loren\.jdks\openjdk-21.0.2\bin\extnet.dll
0x00007ffac8b40000 - 0x00007ffac8b4e000 	C:\Users\loren\.jdks\openjdk-21.0.2\bin\sunmscapi.dll
0x00007ffade800000 - 0x00007ffade976000 	C:\WINDOWS\System32\CRYPT32.dll
0x00007ffaddfe0000 - 0x00007ffade010000 	C:\WINDOWS\SYSTEM32\ncrypt.dll
0x00007ffaddf90000 - 0x00007ffaddfcf000 	C:\WINDOWS\SYSTEM32\NTASN1.dll
0x00007ffac88a0000 - 0x00007ffac88b0000 	C:\Users\loren\.jdks\openjdk-21.0.2\bin\verify.dll
0x00007ffaba530000 - 0x00007ffaba538000 	C:\WINDOWS\system32\wshunix.dll
0x00007ffad4b60000 - 0x00007ffad4b7f000 	C:\WINDOWS\SYSTEM32\dhcpcsvc6.DLL
0x00007ffad49d0000 - 0x00007ffad49f5000 	C:\WINDOWS\SYSTEM32\dhcpcsvc.DLL

dbghelp: loaded successfully - version: 4.0.5 - missing functions: none
symbol engine: initialized successfully - sym options: 0x614 - pdb path: .;C:\Users\loren\.jdks\openjdk-21.0.2\bin;C:\WINDOWS\SYSTEM32;C:\WINDOWS\WinSxS\amd64_microsoft.windows.common-controls_6595b64144ccf1df_6.0.26100.3037_none_3e09262ce333c378;C:\Users\loren\.jdks\openjdk-21.0.2\bin\server

VM Arguments:
jvm_args: -agentlib:jdwp=transport=dt_socket,address=127.0.0.1:60304,suspend=y,server=n -XX:TieredStopAtLevel=1 -Dspring.output.ansi.enabled=always -Dcom.sun.management.jmxremote -Dspring.jmx.enabled=true -Dspring.liveBeansView.mbeanDomain -Dspring.application.admin.enabled=true -Dmanagement.endpoints.jmx.exposure.include=* -javaagent:C:\Users\loren\AppData\Local\JetBrains\IntelliJIdea2024.1\captureAgent\debugger-agent.jar=file:/C:/Users/loren/AppData/Local/Temp/capture.props -Dfile.encoding=UTF-8 -Dsun.stdout.encoding=UTF-8 -Dsun.stderr.encoding=UTF-8 
java_command: it.unina.dietiestates25.DietiEstates25BackendApplication
java_class_path (initial): C:\Users\loren\Documents\GitHub\DietiEstetes25-Backend-LRR\target\classes;C:\Users\loren\.m2\repository\org\springframework\boot\spring-boot-starter-actuator\3.3.9\spring-boot-starter-actuator-3.3.9.jar;C:\Users\loren\.m2\repository\org\springframework\boot\spring-boot-starter\3.3.9\spring-boot-starter-3.3.9.jar;C:\Users\loren\.m2\repository\org\springframework\boot\spring-boot-starter-logging\3.3.9\spring-boot-starter-logging-3.3.9.jar;C:\Users\loren\.m2\repository\ch\qos\logback\logback-classic\1.5.16\logback-classic-1.5.16.jar;C:\Users\loren\.m2\repository\ch\qos\logback\logback-core\1.5.16\logback-core-1.5.16.jar;C:\Users\loren\.m2\repository\org\apache\logging\log4j\log4j-to-slf4j\2.23.1\log4j-to-slf4j-2.23.1.jar;C:\Users\loren\.m2\repository\org\apache\logging\log4j\log4j-api\2.23.1\log4j-api-2.23.1.jar;C:\Users\loren\.m2\repository\org\slf4j\jul-to-slf4j\2.0.16\jul-to-slf4j-2.0.16.jar;C:\Users\loren\.m2\repository\jakarta\annotation\jakarta.annotation-api\2.1.1\jakarta.annotation-api-2.1.1.jar;C:\Users\loren\.m2\repository\org\yaml\snakeyaml\2.2\snakeyaml-2.2.jar;C:\Users\loren\.m2\repository\org\springframework\boot\spring-boot-actuator-autoconfigure\3.3.9\spring-boot-actuator-autoconfigure-3.3.9.jar;C:\Users\loren\.m2\repository\org\springframework\boot\spring-boot-actuator\3.3.9\spring-boot-actuator-3.3.9.jar;C:\Users\loren\.m2\repository\com\fasterxml\jackson\datatype\jackson-datatype-jsr310\2.17.3\jackson-datatype-jsr310-2.17.3.jar;C:\Users\loren\.m2\repository\io\micrometer\micrometer-observation\1.13.11\micrometer-observation-1.13.11.jar;C:\Users\loren\.m2\repository\io\micrometer\micrometer-commons\1.13.11\micrometer-commons-1.13.11.jar;C:\Users\loren\.m2\repository\io\micrometer\micrometer-jakarta9\1.13.11\micrometer-jakarta9-1.13.11.jar;C:\Users\loren\.m2\repository\io\micrometer\micrometer-core\1.13.11\micrometer-core-1.13.11.jar;C:\Users\loren\.m2\repository\org\hdrhistogram\HdrHistogram\2.2.2\HdrHistogram-2.2.2.jar;C:\Users\loren\.m2\repository\org\latencyutils\LatencyUtils\2.0.3\LatencyUtils-2.0.3.jar;C:\Users\loren\.m2\repository\org\springframework\boot\spring-boot-starter-data-jpa\3.3.9\spring-boot-starter-data-jpa-3.3.9.jar;C:\Users\loren\.m2\repository\org\springframework\boot\spring-boot-starter-aop\3.3.9\spring-boot-starter-aop-3.3.9.jar;C:\Users\loren\.m2\repository\org\aspectj\aspectjweaver\1.9.22.1\aspectjweaver-1.9.22.1.jar;C:\Users\loren\.m2\repository\org\springframework\boot\spring-boot-starter-jdbc\3.3.9\spring-boot-starter-jdbc-3.3.9.jar;C:\Users\loren\.m2\repository\com\zaxxer\HikariCP\5.1.0\HikariCP-5.1.0.jar;C:\Users\loren\.m2\repository\org\springframework\spring-jdbc\6.1.17\spring-jdbc-6.1.17.jar;C:\Users\loren\.m2\repository\org\hibernate\orm\hibernate-core\6.5.3.Final\hibernate-core-6.5.3.Final.jar;C:\Users\loren\.m2\repository\jakarta\persistence\jakarta.persistence-api\3.1.0\jakarta.persistence-api-3.1.0.jar;C:\Users\loren\.m2\repository\jakarta\transaction\jakarta.transaction-api\2.0.1\jakarta.transaction-api-2.0.1.jar;C:\Users\loren\.m2\repository\org\jboss\logging\jboss-logging\3.5.3.Final\jboss-logging-3.5.3.Final.jar;C:\Users\loren\.m2\repository\org\hibernate\common\hibernate-commons-annotations\6.0.6.Final\hibernate-commons-annotations-6.0.6.Final.jar;C:\Users\loren\.m2\repository\io\smallrye\jandex\3.1.2\jandex-3.1.2.jar;C:\Users\loren\.m2\repository\com\fasterxml\classmate\1.7.0\classmate-1.7.0.jar;C:\Users\loren\.m2\repository\net\bytebuddy\byte-buddy\1.14.19\byte-buddy-1.14.19.jar;C:\Users\loren\.m2\repository\org\glassfish\jaxb\jaxb-runtime\4.0.5\jaxb-runtime-4.0.5.jar;C:\Users\loren\.m2\repository\org\glassfish\jaxb\jaxb-core\4.0.5\jaxb-core-4.0.5.jar;C:\Users\loren\.m2\repository\org\glassfish\jaxb\txw2\4.0.5\txw2-4.0.5.jar;C:\Users\loren\.m2\repository\com\sun\istack\istack-commons-runtime\4.1.2\istack-commons-runtime-4.1.2.jar;C:\Users\loren\.m2\repository\jakarta\inject\jakarta.inject-api\2.0.1\jakarta.inject-api-2.0.1.jar;C:\Users\loren\.m2\repository\org\antlr\antlr4-runtime\4.13.0\antlr4-runtime-4.13.0.jar;C:\Users\loren\.m2\repository\org\springframework\data\spring-data-jpa\3.3.9\spring-data-jpa-3.3.9.jar;C:\Users\loren\.m2\repository\org\springframework\data\spring-data-commons\3.3.9\spring-data-commons-3.3.9.jar;C:\Users\loren\.m2\repository\org\springframework\spring-orm\6.1.17\spring-orm-6.1.17.jar;C:\Users\loren\.m2\repository\org\springframework\spring-context\6.1.17\spring-context-6.1.17.jar;C:\Users\loren\.m2\repository\org\springframework\spring-tx\6.1.17\spring-tx-6.1.17.jar;C:\Users\loren\.m2\repository\org\springframework\spring-beans\6.1.17\spring-beans-6.1.17.jar;C:\Users\loren\.m2\repository\org\slf4j\slf4j-api\2.0.16\slf4j-api-2.0.16.jar;C:\Users\loren\.m2\repository\org\springframework\spring-aspects\6.1.17\spring-aspects-6.1.17.jar;C:\Users\loren\.m2\repository\org\springframework\boot\spring-boot-starter-security\3.3.9\spring-boot-starter-security-3.3.9.jar;C:\Users\loren\.m2\repository\org\springframework\spring-aop\6.1.17\spring-aop-6.1.17.jar;C:\Users\loren\.m2\repository\org\springframework\security\spring-security-config\6.3.7\spring-security-config-6.3.7.jar;C:\Users\loren\.m2\repository\org\springframework\security\spring-security-web\6.3.7\spring-security-web-6.3.7.jar;C:\Users\loren\.m2\repository\org\springframework\spring-expression\6.1.17\spring-expression-6.1.17.jar;C:\Users\loren\.m2\repository\org\springframework\boot\spring-boot-starter-validation\3.3.9\spring-boot-starter-validation-3.3.9.jar;C:\Users\loren\.m2\repository\org\apache\tomcat\embed\tomcat-embed-el\10.1.36\tomcat-embed-el-10.1.36.jar;C:\Users\loren\.m2\repository\org\hibernate\validator\hibernate-validator\8.0.2.Final\hibernate-validator-8.0.2.Final.jar;C:\Users\loren\.m2\repository\jakarta\validation\jakarta.validation-api\3.0.2\jakarta.validation-api-3.0.2.jar;C:\Users\loren\.m2\repository\org\springframework\boot\spring-boot-starter-web\3.3.9\spring-boot-starter-web-3.3.9.jar;C:\Users\loren\.m2\repository\org\springframework\boot\spring-boot-starter-json\3.3.9\spring-boot-starter-json-3.3.9.jar;C:\Users\loren\.m2\repository\com\fasterxml\jackson\datatype\jackson-datatype-jdk8\2.17.3\jackson-datatype-jdk8-2.17.3.jar;C:\Users\loren\.m2\repository\com\fasterxml\jackson\module\jackson-module-parameter-names\2.17.3\jackson-module-parameter-names-2.17.3.jar;C:\Users\loren\.m2\repository\org\springframework\boot\spring-boot-starter-tomcat\3.3.9\spring-boot-starter-tomcat-3.3.9.jar;C:\Users\loren\.m2\repository\org\apache\tomcat\embed\tomcat-embed-core\10.1.36\tomcat-embed-core-10.1.36.jar;C:\Users\loren\.m2\repository\org\apache\tomcat\embed\tomcat-embed-websocket\10.1.36\tomcat-embed-websocket-10.1.36.jar;C:\Users\loren\.m2\repository\org\springframework\spring-web\6.1.17\spring-web-6.1.17.jar;C:\Users\loren\.m2\repository\org\springframework\spring-webmvc\6.1.17\spring-webmvc-6.1.17.jar;C:\Users\loren\.m2\repository\org\springframework\boot\spring-boot-devtools\3.3.9\spring-boot-devtools-3.3.9.jar;C:\Users\loren\.m2\repository\org\springframework\boot\spring-boot\3.3.9\spring-boot-3.3.9.jar;C:\Users\loren\.m2\repository\org\springframework\boot\spring-boot-autoconfigure\3.3.9\spring-boot-autoconfigure-3.3.9.jar;C:\Users\loren\.m2\repository\org\postgresql\postgresql\42.7.5\postgresql-42.7.5.jar;C:\Users\loren\.m2\repository\org\checkerframework\checker-qual\3.48.3\checker-qual-3.48.3.jar;C:\Users\loren\.m2\repository\org\projectlombok\lombok\1.18.36\lombok-1.18.36.jar;C:\Users\loren\.m2\repository\jakarta\xml\bind\jakarta.xml.bind-api\4.0.2\jakarta.xml.bind-api-4.0.2.jar;C:\Users\loren\.m2\repository\jakarta\activation\jakarta.activation-api\2.1.3\jakarta.activation-api-2.1.3.jar;C:\Users\loren\.m2\repository\net\minidev\json-smart\2.5.2\json-smart-2.5.2.jar;C:\Users\loren\.m2\repository\net\minidev\accessors-smart\2.5.2\accessors-smart-2.5.2.jar;C:\Users\loren\.m2\repository\org\ow2\asm\asm\9.7.1\asm-9.7.1.jar;C:\Users\loren\.m2\repository\org\springframework\spring-core\6.1.17\spring-core-6.1.17.jar;C:\Users\loren\.m2\repository\org\springframework\spring-jcl\6.1.17\spring-jcl-6.1.17.jar;C:\Users\loren\.m2\repository\org\springframework\security\spring-security-core\6.3.7\spring-security-core-6.3.7.jar;C:\Users\loren\.m2\repository\org\springframework\security\spring-security-crypto\6.3.7\spring-security-crypto-6.3.7.jar;C:\Users\loren\.m2\repository\org\springdoc\springdoc-openapi-starter-webmvc-ui\2.5.0\springdoc-openapi-starter-webmvc-ui-2.5.0.jar;C:\Users\loren\.m2\repository\org\springdoc\springdoc-openapi-starter-webmvc-api\2.5.0\springdoc-openapi-starter-webmvc-api-2.5.0.jar;C:\Users\loren\.m2\repository\org\springdoc\springdoc-openapi-starter-common\2.5.0\springdoc-openapi-starter-common-2.5.0.jar;C:\Users\loren\.m2\repository\io\swagger\core\v3\swagger-core-jakarta\2.2.21\swagger-core-jakarta-2.2.21.jar;C:\Users\loren\.m2\repository\org\apache\commons\commons-lang3\3.14.0\commons-lang3-3.14.0.jar;C:\Users\loren\.m2\repository\io\swagger\core\v3\swagger-annotations-jakarta\2.2.21\swagger-annotations-jakarta-2.2.21.jar;C:\Users\loren\.m2\repository\io\swagger\core\v3\swagger-models-jakarta\2.2.21\swagger-models-jakarta-2.2.21.jar;C:\Users\loren\.m2\repository\com\fasterxml\jackson\dataformat\jackson-dataformat-yaml\2.17.3\jackson-dataformat-yaml-2.17.3.jar;C:\Users\loren\.m2\repository\org\webjars\swagger-ui\5.13.0\swagger-ui-5.13.0.jar;C:\Users\loren\.m2\repository\io\jsonwebtoken\jjwt-api\0.11.5\jjwt-api-0.11.5.jar;C:\Users\loren\.m2\repository\io\jsonwebtoken\jjwt-impl\0.11.5\jjwt-impl-0.11.5.jar;C:\Users\loren\.m2\repository\io\jsonwebtoken\jjwt-jackson\0.11.5\jjwt-jackson-0.11.5.jar;C:\Users\loren\.m2\repository\com\fasterxml\jackson\core\jackson-databind\2.17.3\jackson-databind-2.17.3.jar;C:\Users\loren\.m2\repository\com\fasterxml\jackson\core\jackson-annotations\2.17.3\jackson-annotations-2.17.3.jar;C:\Users\loren\.m2\repository\com\fasterxml\jackson\core\jackson-core\2.17.3\jackson-core-2.17.3.jar;C:\Users\loren\.m2\repository\org\springframework\boot\spring-boot-starter-mail\3.3.9\spring-boot-starter-mail-3.3.9.jar;C:\Users\loren\.m2\repository\org\springframework\spring-context-support\6.1.17\spring-context-support-6.1.17.jar;C:\Users\loren\.m2\repository\org\eclipse\angus\jakarta.mail\2.0.3\jakarta.mail-2.0.3.jar;C:\Users\loren\.m2\repository\org\eclipse\angus\angus-activation\2.0.2\angus-activation-2.0.2.jar;C:\Users\loren\.m2\repository\org\springframework\boot\spring-boot-starter-webflux\3.3.9\spring-boot-starter-webflux-3.3.9.jar;C:\Users\loren\.m2\repository\org\springframework\boot\spring-boot-starter-reactor-netty\3.3.9\spring-boot-starter-reactor-netty-3.3.9.jar;C:\Users\loren\.m2\repository\io\projectreactor\netty\reactor-netty-http\1.1.27\reactor-netty-http-1.1.27.jar;C:\Users\loren\.m2\repository\io\netty\netty-codec-http\4.1.118.Final\netty-codec-http-4.1.118.Final.jar;C:\Users\loren\.m2\repository\io\netty\netty-common\4.1.118.Final\netty-common-4.1.118.Final.jar;C:\Users\loren\.m2\repository\io\netty\netty-buffer\4.1.118.Final\netty-buffer-4.1.118.Final.jar;C:\Users\loren\.m2\repository\io\netty\netty-transport\4.1.118.Final\netty-transport-4.1.118.Final.jar;C:\Users\loren\.m2\repository\io\netty\netty-codec\4.1.118.Final\netty-codec-4.1.118.Final.jar;C:\Users\loren\.m2\repository\io\netty\netty-handler\4.1.118.Final\netty-handler-4.1.118.Final.jar;C:\Users\loren\.m2\repository\io\netty\netty-codec-http2\4.1.118.Final\netty-codec-http2-4.1.118.Final.jar;C:\Users\loren\.m2\repository\io\netty\netty-resolver-dns\4.1.118.Final\netty-resolver-dns-4.1.118.Final.jar;C:\Users\loren\.m2\repository\io\netty\netty-resolver\4.1.118.Final\netty-resolver-4.1.118.Final.jar;C:\Users\loren\.m2\repository\io\netty\netty-codec-dns\4.1.118.Final\netty-codec-dns-4.1.118.Final.jar;C:\Users\loren\.m2\repository\io\netty\netty-resolver-dns-native-macos\4.1.118.Final\netty-resolver-dns-native-macos-4.1.118.Final-osx-x86_64.jar;C:\Users\loren\.m2\repository\io\netty\netty-resolver-dns-classes-macos\4.1.118.Final\netty-resolver-dns-classes-macos-4.1.118.Final.jar;C:\Users\loren\.m2\repository\io\netty\netty-transport-native-epoll\4.1.118.Final\netty-transport-native-epoll-4.1.118.Final-linux-x86_64.jar;C:\Users\loren\.m2\repository\io\netty\netty-transport-native-unix-common\4.1.118.Final\netty-transport-native-unix-common-4.1.118.Final.jar;C:\Users\loren\.m2\repository\io\netty\netty-transport-classes-epoll\4.1.118.Final\netty-transport-classes-epoll-4.1.118.Final.jar;C:\Users\loren\.m2\repository\io\projectreactor\netty\reactor-netty-core\1.1.27\reactor-netty-core-1.1.27.jar;C:\Users\loren\.m2\repository\io\netty\netty-handler-proxy\4.1.118.Final\netty-handler-proxy-4.1.118.Final.jar;C:\Users\loren\.m2\repository\io\netty\netty-codec-socks\4.1.118.Final\netty-codec-socks-4.1.118.Final.jar;C:\Users\loren\.m2\repository\org\springframework\spring-webflux\6.1.17\spring-webflux-6.1.17.jar;C:\Users\loren\.m2\repository\io\projectreactor\reactor-core\3.6.14\reactor-core-3.6.14.jar;C:\Users\loren\.m2\repository\org\reactivestreams\reactive-streams\1.0.4\reactive-streams-1.0.4.jar;C:\Users\loren\.m2\repository\com\azure\spring\spring-cloud-azure-starter-storage\5.17.1\spring-cloud-azure-starter-storage-5.17.1.jar;C:\Users\loren\.m2\repository\com\azure\spring\spring-cloud-azure-starter-storage-blob\5.17.1\spring-cloud-azure-starter-storage-blob-5.17.1.jar;C:\Users\loren\.m2\repository\com\azure\spring\spring-cloud-azure-starter\5.17.1\spring-cloud-azure-starter-5.17.1.jar;C:\Users\loren\.m2\repository\com\azure\spring\spring-cloud-azure-autoconfigure\5.17.1\spring-cloud-azure-autoconfigure-5.17.1.jar;C:\Users\loren\.m2\repository\com\azure\spring\spring-cloud-azure-service\5.17.1\spring-cloud-azure-service-5.17.1.jar;C:\Users\loren\.m2\repository\com\azure\spring\spring-cloud-azure-core\5.17.1\spring-cloud-azure-core-5.17.1.jar;C:\Users\loren\.m2\repository\com\azure\azure-identity\1.13.3\azure-identity-1.13.3.jar;C:\Users\loren\.m2\repository\com\microsoft\azure\msal4j\1.17.1\msal4j-1.17.1.jar;C:\Users\loren\.m2\repository\com\nimbusds\oauth2-oidc-sdk\11.18\oauth2-oidc-sdk-11.18.jar;C:\Users\loren\.m2\repository\com\github\stephenc\jcip\jcip-annotations\1.0-1\jcip-annotations-1.0-1.jar;C:\Users\loren\.m2\repository\com\nimbusds\content-type\2.3\content-type-2.3.jar;C:\Users\loren\.m2\repository\com\nimbusds\lang-tag\1.7\lang-tag-1.7.jar;C:\Users\loren\.m2\repository\com\nimbusds\nimbus-jose-jwt\9.40\nimbus-jose-jwt-9.40.jar;C:\Users\loren\.m2\repository\com\microsoft\azure\msal4j-persistence-extension\1.3.0\msal4j-persistence-extension-1.3.0.jar;C:\Users\loren\.m2\repository\net\java\dev\jna\jna\5.13.0\jna-5.13.0.jar;C:\Users\loren\.m2\repository\net\java\dev\jna\jna-platform\5.6.0\jna-platform-5.6.0.jar;C:\Users\loren\.m2\repository\com\azure\azure-core-amqp\2.9.10\azure-core-amqp-2.9.10.jar;C:\Users\loren\.m2\repository\com\microsoft\azure\qpid-proton-j-extensions\1.2.5\qpid-proton-j-extensions-1.2.5.jar;C:\Users\loren\.m2\repository\org\apache\qpid\proton-j\0.34.1\proton-j-0.34.1.jar;C:\Users\loren\.m2\repository\com\azure\azure-core-management\1.15.4\azure-core-management-1.15.4.jar;C:\Users\loren\.m2\repository\com\azure\azure-storage-blob\12.28.0\azure-storage-blob-12.28.0.jar;C:\Users\loren\.m2\repository\com\azure\azure-core\1.52.0\azure-core-1.52.0.jar;C:\Users\loren\.m2\repository\com\azure\azure-json\1.3.0\azure-json-1.3.0.jar;C:\Users\loren\.m2\repository\com\azure\azure-core-http-netty\1.15.4\azure-core-http-netty-1.15.4.jar;C:\Users\loren\.m2\repository\io\netty\netty-transport-native-kqueue\4.1.118.Final\netty-transport-native-kqueue-4.1.118.Final-osx-x86_64.jar;C:\Users\loren\.m2\repository\io\netty\netty-transport-classes-kqueue\4.1.118.Final\netty-transport-classes-kqueue-4.1.118.Final.jar;C:\Users\loren\.m2\repository\io\netty\netty-tcnative-boringssl-static\2.0.70.Final\netty-tcnative-boringssl-static-2.0.70.Final.jar;C:\Users\loren\.m2\repository\io\netty\netty-tcnative-classes\2.0.70.Final\netty-tcnative-classes-2.0.70.Final.jar;C:\Users\loren\.m2\repository\io\netty\netty-tcnative-boringssl-static\2.0.70.Final\netty-tcnative-boringssl-static-2.0.70.Final-linux-x86_64.jar;C:\Users\loren\.m2\repository\io\netty\netty-tcnative-boringssl-static\2.0.70.Final\netty-tcnative-boringssl-static-2.0.70.Final-linux-aarch_64.jar;C:\Users\loren\.m2\repository\io\netty\netty-tcnative-boringssl-static\2.0.70.Final\netty-tcnative-boringssl-static-2.0.70.Final-osx-x86_64.jar;C:\Users\loren\.m2\repository\io\netty\netty-tcnative-boringssl-static\2.0.70.Final\netty-tcnative-boringssl-static-2.0.70.Final-osx-aarch_64.jar;C:\Users\loren\.m2\repository\io\netty\netty-tcnative-boringssl-static\2.0.70.Final\netty-tcnative-boringssl-static-2.0.70.Final-windows-x86_64.jar;C:\Users\loren\.m2\repository\com\azure\azure-storage-common\12.27.0\azure-storage-common-12.27.0.jar;C:\Users\loren\.m2\repository\com\azure\azure-storage-internal-avro\12.13.0\azure-storage-internal-avro-12.13.0.jar;C:\Users\loren\.m2\repository\com\azure\azure-xml\1.1.0\azure-xml-1.1.0.jar;C:\Users\loren\.m2\repository\com\azure\spring\spring-cloud-azure-starter-storage-file-share\5.17.1\spring-cloud-azure-starter-storage-file-share-5.17.1.jar;C:\Users\loren\.m2\repository\com\azure\azure-storage-file-share\12.24.0\azure-storage-file-share-12.24.0.jar;C:\Users\loren\.m2\repository\com\azure\spring\spring-cloud-azure-starter-storage-queue\5.17.1\spring-cloud-azure-starter-storage-queue-5.17.1.jar;C:\Users\loren\.m2\repository\com\azure\azure-storage-queue\12.23.0\azure-storage-queue-12.23.0.jar;C:\Program Files\JetBrains\IntelliJ IDEA 2023.3.3\lib\idea_rt.jar
Launcher Type: SUN_STANDARD

[Global flags]
     intx CICompilerCount                          = 4                                         {product} {ergonomic}
     uint ConcGCThreads                            = 2                                         {product} {ergonomic}
     uint G1ConcRefinementThreads                  = 8                                         {product} {ergonomic}
   size_t G1HeapRegionSize                         = 1048576                                   {product} {ergonomic}
    uintx GCDrainStackTargetSize                   = 64                                        {product} {ergonomic}
   size_t InitialHeapSize                          = 132120576                                 {product} {ergonomic}
     bool ManagementServer                         = true                                      {product} {command line}
   size_t MarkStackSize                            = 4194304                                   {product} {ergonomic}
   size_t MaxHeapSize                              = 2082471936                                {product} {ergonomic}
   size_t MaxNewSize                               = 1248854016                                {product} {ergonomic}
   size_t MinHeapDeltaBytes                        = 1048576                                   {product} {ergonomic}
   size_t MinHeapSize                              = 8388608                                   {product} {ergonomic}
    uintx NonNMethodCodeHeapSize                   = 4096                                   {pd product} {ergonomic}
    uintx NonProfiledCodeHeapSize                  = 0                                      {pd product} {ergonomic}
     bool ProfileInterpreter                       = false                                  {pd product} {command line}
    uintx ProfiledCodeHeapSize                     = 0                                      {pd product} {ergonomic}
   size_t SoftMaxHeapSize                          = 2082471936                             {manageable} {ergonomic}
     intx TieredStopAtLevel                        = 1                                         {product} {command line}
     bool UseCompressedOops                        = true                           {product lp64_product} {ergonomic}
     bool UseG1GC                                  = true                                      {product} {ergonomic}
     bool UseLargePagesIndividualAllocation        = false                                  {pd product} {ergonomic}

Logging:
Log output configuration:
 #0: stdout all=warning uptime,level,tags foldmultilines=false
 #1: stderr all=off uptime,level,tags foldmultilines=false

Environment Variables:
PATH=c:\Users\loren\AppData\Local\Programs\cursor\resources\app\bin;C:\Python312\Scripts\;C:\Python312\;C:\Program Files\Common Files\Oracle\Java\javapath;C:\WINDOWS\system32;C:\WINDOWS;C:\WINDOWS\System32\Wbem;C:\WINDOWS\System32\WindowsPowerShell\v1.0\;C:\WINDOWS\System32\OpenSSH\;C:\ProgramData\chocolatey\bin;C:\Users\loren\AppData\Roaming\nvm;C:\Program Files\nodejs;C:\Program Files\dotnet\;C:\Software\sonar-scanner-5.0.1.3006-windows\bin;C:\Users\loren\Documents\apache-maven-3.9.6\bin;C:\Gradle\gradle-8.7\bin;C:\Users\loren\Documents\sonarqube-10.5.1.90531\bin;C:\Users\loren\Documents\sonar-scanner-5.0.1.3006-windows\bin;C:\Program Files\Zero Install;C:\WINDOWS\system32;C:\WINDOWS;C:\WINDOWS\System32\Wbem;C:\WINDOWS\System32\WindowsPowerShell\v1.0\;C:\WINDOWS\System32\OpenSSH\;C:\Users\loren\Documents\apache-maven-3.9.9\bin;C:\Program Files\MySQL\MySQL Shell 8.0\bin\;C:\Users\loren\AppData\Local\Microsoft\WindowsApps;C:\Users\loren\AppData\;c:\Users\loren\AppData\Local\Programs\cursor\resources\app\bin;C:\Program Files\PostgreSQL\17\bin;C:\Program Files\Docker\Docker\resources\bin;C:\Program Files\Git\cmd;C:\Program Files\MySQL\MySQL Shell 8.0\bin\;C:\Users\loren\AppData\Local\Microsoft\WindowsApps;C:\Users\loren\AppData\Local\GitHubDesktop\bin;C:\Program Files\JetBrains\IntelliJ IDEA 2023.3.3\bin;;C:\sonarqube\sonar-scanner-5.0.1.3006-windows\bin;C:\Users\loren\AppData\Roaming\nvm;C:\Program Files\nodejs;C:\Users\loren\Documents\apache-maven-3.9.6\bin;C:\Gradle\gradle-8.7\bin;C:\Users\loren\Documents\sonarqube-10.5.1.90531\bin;C:\Users\loren\Documents\sonar-scanner-5.0.1.3006-windows\bin;C:\Users\loren\.bun\bin;C:\Users\loren\Documents\apache-maven-3.9.9\bin;C:\Users\loren\AppData\Local\Programs\cursor\resources\app\bin
USERNAME=loren
OS=Windows_NT
PROCESSOR_IDENTIFIER=Intel64 Family 6 Model 126 Stepping 5, GenuineIntel
TMP=C:\Users\loren\AppData\Local\Temp
TEMP=C:\Users\loren\AppData\Local\Temp




Periodic native trim disabled

---------------  S Y S T E M  ---------------

OS:
 Windows 11 , 64 bit Build 26100 (10.0.26100.3037)
OS uptime: 0 days 17:12 hours
Hyper-V role detected

CPU: total 8 (initial active 8) (4 cores per cpu, 2 threads per core) family 6 model 126 stepping 5 microcode 0x96, cx8, cmov, fxsr, ht, mmx, 3dnowpref, sse, sse2, sse3, ssse3, sse4.1, sse4.2, popcnt, lzcnt, tsc, tscinvbit, avx, avx2, aes, erms, clmul, bmi1, bmi2, adx, avx512f, avx512dq, avx512cd, avx512bw, avx512vl, sha, fma, vzeroupper, avx512_vpopcntdq, avx512_vpclmulqdq, avx512_vaes, avx512_vnni, clflush, clflushopt, avx512_vbmi2, avx512_vbmi, hv, rdtscp, rdpid, fsrm, gfni, avx512_bitalg, f16c, avx512_ifma
Processor Information for all 8 processors :
  Max Mhz: 1201, Current Mhz: 1000, Mhz Limit: 996

Memory: 4k page, system-wide physical 7936M (1035M free)
TotalPageFile size 26781M (AvailPageFile size 292M)
current process WorkingSet (physical memory assigned to process): 353M, peak: 353M
current process commit charge ("private bytes"): 490M, peak: 862M

vm_info: OpenJDK 64-Bit Server VM (21.0.2+13-58) for windows-amd64 JRE (21.0.2+13-58), built on 2024-01-05T18:32:24Z by "mach5one" with MS VC++ 17.1 (VS2022)

END.
